Using pre-set license
Built from '2020.3/staging' branch; Version is '2020.3.17f1 (a4537701e4ab) revision 10769271'; Using compiler version '192528614'; Build Type 'Release'
OS: 'Windows 10 Pro; OS build 19044.2130; Version 2009; 64bit' Language: 'ru' Physical Memory: 16306 MB
BatchMode: 1, IsHumanControllingUs: 0, StartBugReporterOnCrash: 0, Is64bit: 1, IsPro: 0

COMMAND LINE ARGUMENTS:
C:\book\GameDev\Unity\Unity Editors\2020.3.17f1\Editor\Unity.exe
-adb2
-batchMode
-noUpm
-name
AssetImportWorker0
-projectPath
C:/book/GameDev/Unity/Unity Projects/Sakutin/SwampAttack/SwampAttack
-logFile
Logs/AssetImportWorker0.log
-srvPort
60711
Successfully changed project path to: C:/book/GameDev/Unity/Unity Projects/Sakutin/SwampAttack/SwampAttack
C:/book/GameDev/Unity/Unity Projects/Sakutin/SwampAttack/SwampAttack
Using Asset Import Pipeline V2.
Refreshing native plugins compatible for Editor in 47.91 ms, found 3 plugins.
Preloading 0 native plugins for Editor in 0.00 ms.
Initialize engine version: 2020.3.17f1 (a4537701e4ab)
[Subsystems] Discovering subsystems at path C:/book/GameDev/Unity/Unity Editors/2020.3.17f1/Editor/Data/Resources/UnitySubsystems
[Subsystems] Discovering subsystems at path C:/book/GameDev/Unity/Unity Projects/Sakutin/SwampAttack/SwampAttack/Assets
GfxDevice: creating device client; threaded=0
Direct3D:
    Version:  Direct3D 11.0 [level 11.1]
    Renderer: NVIDIA GeForce RTX 2060 (ID=0x1f08)
    Vendor:   
    VRAM:     5980 MB
    Driver:   30.0.15.1277
Initialize mono
Mono path[0] = 'C:/book/GameDev/Unity/Unity Editors/2020.3.17f1/Editor/Data/Managed'
Mono path[1] = 'C:/book/GameDev/Unity/Unity Editors/2020.3.17f1/Editor/Data/MonoBleedingEdge/lib/mono/unityjit'
Mono config path = 'C:/book/GameDev/Unity/Unity Editors/2020.3.17f1/Editor/Data/MonoBleedingEdge/etc'
Using monoOptions --debugger-agent=transport=dt_socket,embedding=1,server=y,suspend=n,address=127.0.0.1:56828
Begin MonoManager ReloadAssembly
Registering precompiled unity dll's ...
Register platform support module: C:/book/GameDev/Unity/Unity Editors/2020.3.17f1/Editor/Data/PlaybackEngines/WindowsStandaloneSupport/UnityEditor.WindowsStandalone.Extensions.dll
Registered in 0.001964 seconds.
Native extension for WindowsStandalone target not found
Refreshing native plugins compatible for Editor in 45.81 ms, found 3 plugins.
Preloading 0 native plugins for Editor in 0.00 ms.
Mono: successfully reloaded assembly
- Completed reload, in  2.616 seconds
Domain Reload Profiling:
	ReloadAssembly (2616ms)
		BeginReloadAssembly (58ms)
			ExecutionOrderSort (0ms)
			DisableScriptedObjects (0ms)
			BackupInstance (0ms)
			ReleaseScriptingObjects (0ms)
			CreateAndSetChildDomain (1ms)
		EndReloadAssembly (611ms)
			LoadAssemblies (56ms)
			RebuildTransferFunctionScriptingTraits (0ms)
			SetupTypeCache (334ms)
			ReleaseScriptCaches (0ms)
			RebuildScriptCaches (29ms)
			SetupLoadedEditorAssemblies (184ms)
				LogAssemblyErrors (0ms)
				InitializePlatformSupportModulesInManaged (4ms)
				SetLoadedEditorAssemblies (0ms)
				RefreshPlugins (46ms)
				BeforeProcessingInitializeOnLoad (15ms)
				ProcessInitializeOnLoadAttributes (89ms)
				ProcessInitializeOnLoadMethodAttributes (31ms)
				AfterProcessingInitializeOnLoad (0ms)
				EditorAssembliesLoaded (0ms)
			ExecutionOrderSort2 (0ms)
			AwakeInstancesAfterBackupRestoration (0ms)
Platform modules already initialized, skipping
Registering precompiled user dll's ...
Registered in 0.130028 seconds.
Begin MonoManager ReloadAssembly
Native extension for WindowsStandalone target not found
Refreshing native plugins compatible for Editor in 46.36 ms, found 3 plugins.
Preloading 0 native plugins for Editor in 0.00 ms.
Mono: successfully reloaded assembly
- Completed reload, in  1.971 seconds
Domain Reload Profiling:
	ReloadAssembly (1972ms)
		BeginReloadAssembly (168ms)
			ExecutionOrderSort (0ms)
			DisableScriptedObjects (5ms)
			BackupInstance (0ms)
			ReleaseScriptingObjects (0ms)
			CreateAndSetChildDomain (17ms)
		EndReloadAssembly (1744ms)
			LoadAssemblies (115ms)
			RebuildTransferFunctionScriptingTraits (0ms)
			SetupTypeCache (343ms)
			ReleaseScriptCaches (0ms)
			RebuildScriptCaches (45ms)
			SetupLoadedEditorAssemblies (1152ms)
				LogAssemblyErrors (0ms)
				InitializePlatformSupportModulesInManaged (4ms)
				SetLoadedEditorAssemblies (0ms)
				RefreshPlugins (46ms)
				BeforeProcessingInitializeOnLoad (80ms)
				ProcessInitializeOnLoadAttributes (1000ms)
				ProcessInitializeOnLoadMethodAttributes (15ms)
				AfterProcessingInitializeOnLoad (7ms)
				EditorAssembliesLoaded (0ms)
			ExecutionOrderSort2 (0ms)
			AwakeInstancesAfterBackupRestoration (8ms)
Platform modules already initialized, skipping
========================================================================
Worker process is ready to serve import requests
Launched and connected shader compiler UnityShaderCompiler.exe after 0.50 seconds
Refreshing native plugins compatible for Editor in 0.55 ms, found 3 plugins.
Preloading 0 native plugins for Editor in 0.00 ms.
Unloading 2160 Unused Serialized files (Serialized files now loaded: 0)
System memory in use before: 96.9 MB.
System memory in use after: 97.0 MB.

Unloading 27 unused Assets to reduce memory usage. Loaded Objects now: 2597.
Total: 41.437800 ms (FindLiveObjects: 0.208100 ms CreateObjectMapping: 0.107300 ms MarkObjects: 41.046600 ms  DeleteObjects: 0.074200 ms)

AssetImportParameters requested are different than current active one (requested -> active):
  custom:framework-win-MediaFoundation: 216162199b28c13a410421893ffa2e32 -> 
  custom:video-decoder-ogg-theora: a1e56fd34408186e4bbccfd4996cb3dc -> 
  custom:container-muxer-webm: aa71ff27fc2769a1b78a27578f13a17b -> 
  custom:container-demuxer-webm: 4f35f7cbe854078d1ac9338744f61a02 -> 
  custom:container-demuxer-ogg: 62fdf1f143b41e24485cea50d1cbac27 -> 
  custom:video-encoder-webm-vp8: eb34c28f22e8b96e1ab97ce403110664 -> 
  custom:video-decoder-webm-vp8: 9c59270c3fd7afecdb556c50c9e8de78 -> 
  custom:audio-decoder-ogg-vorbis: bf7c407c2cedff20999df2af8eb42d56 -> 
  custom:audio-encoder-webm-vorbis: bf7c407c2cedff20999df2af8eb42d56 -> 
========================================================================
Received Import Request.
  path: Assets/Scripts/UI/NextWaveButton.cs
  artifactKey: Guid(572e50b7e72444142b069c1aadcd9b39) Importer(815301076,1909f56bfc062723c751e8b465ee728b)
Start importing Assets/Scripts/UI/NextWaveButton.cs using Guid(572e50b7e72444142b069c1aadcd9b39) Importer(815301076,1909f56bfc062723c751e8b465ee728b)  -> (artifact id: '01015494032264bfbe8c8f8ddc9ac25a') in 0.040284 seconds 
  Import took 0.043415 seconds .

========================================================================
Received Prepare
Registering precompiled user dll's ...
Registered in 0.225896 seconds.
Begin MonoManager ReloadAssembly
Native extension for WindowsStandalone target not found
Refreshing native plugins compatible for Editor in 0.48 ms, found 3 plugins.
Preloading 0 native plugins for Editor in 0.00 ms.
Mono: successfully reloaded assembly
- Completed reload, in  1.723 seconds
Domain Reload Profiling:
	ReloadAssembly (1756ms)
		BeginReloadAssembly (394ms)
			ExecutionOrderSort (0ms)
			DisableScriptedObjects (73ms)
			BackupInstance (0ms)
			ReleaseScriptingObjects (0ms)
			CreateAndSetChildDomain (172ms)
		EndReloadAssembly (1269ms)
			LoadAssemblies (117ms)
			RebuildTransferFunctionScriptingTraits (0ms)
			SetupTypeCache (301ms)
			ReleaseScriptCaches (1ms)
			RebuildScriptCaches (39ms)
			SetupLoadedEditorAssemblies (713ms)
				LogAssemblyErrors (0ms)
				InitializePlatformSupportModulesInManaged (5ms)
				SetLoadedEditorAssemblies (1ms)
				RefreshPlugins (1ms)
				BeforeProcessingInitializeOnLoad (82ms)
				ProcessInitializeOnLoadAttributes (611ms)
				ProcessInitializeOnLoadMethodAttributes (6ms)
				AfterProcessingInitializeOnLoad (6ms)
				EditorAssembliesLoaded (0ms)
			ExecutionOrderSort2 (0ms)
			AwakeInstancesAfterBackupRestoration (9ms)
Platform modules already initialized, skipping
Refreshing native plugins compatible for Editor in 0.48 ms, found 3 plugins.
Preloading 0 native plugins for Editor in 0.00 ms.
Unloading 2136 Unused Serialized files (Serialized files now loaded: 0)
System memory in use before: 95.0 MB.
System memory in use after: 95.1 MB.

Unloading 16 unused Assets to reduce memory usage. Loaded Objects now: 2600.
Total: 30.109200 ms (FindLiveObjects: 0.720200 ms CreateObjectMapping: 0.094400 ms MarkObjects: 29.181200 ms  DeleteObjects: 0.112300 ms)

AssetImportParameters requested are different than current active one (requested -> active):
  custom:framework-win-MediaFoundation: 216162199b28c13a410421893ffa2e32 -> 
  custom:video-decoder-ogg-theora: a1e56fd34408186e4bbccfd4996cb3dc -> 
  custom:container-muxer-webm: aa71ff27fc2769a1b78a27578f13a17b -> 
  custom:container-demuxer-webm: 4f35f7cbe854078d1ac9338744f61a02 -> 
  custom:container-demuxer-ogg: 62fdf1f143b41e24485cea50d1cbac27 -> 
  custom:video-encoder-webm-vp8: eb34c28f22e8b96e1ab97ce403110664 -> 
  custom:video-decoder-webm-vp8: 9c59270c3fd7afecdb556c50c9e8de78 -> 
  custom:audio-decoder-ogg-vorbis: bf7c407c2cedff20999df2af8eb42d56 -> 
  custom:audio-encoder-webm-vorbis: bf7c407c2cedff20999df2af8eb42d56 -> 
========================================================================
Received Prepare
Registering precompiled user dll's ...
Registered in 0.004534 seconds.
Begin MonoManager ReloadAssembly
Native extension for WindowsStandalone target not found
Refreshing native plugins compatible for Editor in 0.48 ms, found 3 plugins.
Preloading 0 native plugins for Editor in 0.00 ms.
Mono: successfully reloaded assembly
- Completed reload, in  1.023 seconds
Domain Reload Profiling:
	ReloadAssembly (1023ms)
		BeginReloadAssembly (120ms)
			ExecutionOrderSort (0ms)
			DisableScriptedObjects (6ms)
			BackupInstance (0ms)
			ReleaseScriptingObjects (0ms)
			CreateAndSetChildDomain (32ms)
		EndReloadAssembly (843ms)
			LoadAssemblies (89ms)
			RebuildTransferFunctionScriptingTraits (0ms)
			SetupTypeCache (272ms)
			ReleaseScriptCaches (1ms)
			RebuildScriptCaches (39ms)
			SetupLoadedEditorAssemblies (347ms)
				LogAssemblyErrors (0ms)
				InitializePlatformSupportModulesInManaged (5ms)
				SetLoadedEditorAssemblies (1ms)
				RefreshPlugins (1ms)
				BeforeProcessingInitializeOnLoad (82ms)
				ProcessInitializeOnLoadAttributes (246ms)
				ProcessInitializeOnLoadMethodAttributes (6ms)
				AfterProcessingInitializeOnLoad (7ms)
				EditorAssembliesLoaded (0ms)
			ExecutionOrderSort2 (0ms)
			AwakeInstancesAfterBackupRestoration (8ms)
Platform modules already initialized, skipping
Refreshing native plugins compatible for Editor in 0.47 ms, found 3 plugins.
Preloading 0 native plugins for Editor in 0.00 ms.
Unloading 2136 Unused Serialized files (Serialized files now loaded: 0)
System memory in use before: 95.0 MB.
System memory in use after: 95.1 MB.

Unloading 16 unused Assets to reduce memory usage. Loaded Objects now: 2603.
Total: 3.066600 ms (FindLiveObjects: 0.195600 ms CreateObjectMapping: 0.098200 ms MarkObjects: 2.752200 ms  DeleteObjects: 0.019600 ms)

AssetImportParameters requested are different than current active one (requested -> active):
  custom:framework-win-MediaFoundation: 216162199b28c13a410421893ffa2e32 -> 
  custom:video-decoder-ogg-theora: a1e56fd34408186e4bbccfd4996cb3dc -> 
  custom:container-muxer-webm: aa71ff27fc2769a1b78a27578f13a17b -> 
  custom:container-demuxer-webm: 4f35f7cbe854078d1ac9338744f61a02 -> 
  custom:container-demuxer-ogg: 62fdf1f143b41e24485cea50d1cbac27 -> 
  custom:video-encoder-webm-vp8: eb34c28f22e8b96e1ab97ce403110664 -> 
  custom:video-decoder-webm-vp8: 9c59270c3fd7afecdb556c50c9e8de78 -> 
  custom:audio-decoder-ogg-vorbis: bf7c407c2cedff20999df2af8eb42d56 -> 
  custom:audio-encoder-webm-vorbis: bf7c407c2cedff20999df2af8eb42d56 -> 
========================================================================
Received Prepare
Registering precompiled user dll's ...
Registered in 0.004695 seconds.
Begin MonoManager ReloadAssembly
Native extension for WindowsStandalone target not found
Refreshing native plugins compatible for Editor in 0.48 ms, found 3 plugins.
Preloading 0 native plugins for Editor in 0.00 ms.
Mono: successfully reloaded assembly
- Completed reload, in  1.013 seconds
Domain Reload Profiling:
	ReloadAssembly (1013ms)
		BeginReloadAssembly (108ms)
			ExecutionOrderSort (0ms)
			DisableScriptedObjects (6ms)
			BackupInstance (0ms)
			ReleaseScriptingObjects (0ms)
			CreateAndSetChildDomain (32ms)
		EndReloadAssembly (845ms)
			LoadAssemblies (91ms)
			RebuildTransferFunctionScriptingTraits (0ms)
			SetupTypeCache (280ms)
			ReleaseScriptCaches (1ms)
			RebuildScriptCaches (38ms)
			SetupLoadedEditorAssemblies (342ms)
				LogAssemblyErrors (0ms)
				InitializePlatformSupportModulesInManaged (5ms)
				SetLoadedEditorAssemblies (0ms)
				RefreshPlugins (1ms)
				BeforeProcessingInitializeOnLoad (80ms)
				ProcessInitializeOnLoadAttributes (244ms)
				ProcessInitializeOnLoadMethodAttributes (6ms)
				AfterProcessingInitializeOnLoad (6ms)
				EditorAssembliesLoaded (0ms)
			ExecutionOrderSort2 (0ms)
			AwakeInstancesAfterBackupRestoration (8ms)
Platform modules already initialized, skipping
Refreshing native plugins compatible for Editor in 0.48 ms, found 3 plugins.
Preloading 0 native plugins for Editor in 0.00 ms.
Unloading 2136 Unused Serialized files (Serialized files now loaded: 0)
System memory in use before: 95.0 MB.
System memory in use after: 95.2 MB.

Unloading 16 unused Assets to reduce memory usage. Loaded Objects now: 2606.
Total: 2.853900 ms (FindLiveObjects: 0.166800 ms CreateObjectMapping: 0.070700 ms MarkObjects: 2.599500 ms  DeleteObjects: 0.016100 ms)

AssetImportParameters requested are different than current active one (requested -> active):
  custom:framework-win-MediaFoundation: 216162199b28c13a410421893ffa2e32 -> 
  custom:video-decoder-ogg-theora: a1e56fd34408186e4bbccfd4996cb3dc -> 
  custom:container-muxer-webm: aa71ff27fc2769a1b78a27578f13a17b -> 
  custom:container-demuxer-webm: 4f35f7cbe854078d1ac9338744f61a02 -> 
  custom:container-demuxer-ogg: 62fdf1f143b41e24485cea50d1cbac27 -> 
  custom:video-encoder-webm-vp8: eb34c28f22e8b96e1ab97ce403110664 -> 
  custom:video-decoder-webm-vp8: 9c59270c3fd7afecdb556c50c9e8de78 -> 
  custom:audio-decoder-ogg-vorbis: bf7c407c2cedff20999df2af8eb42d56 -> 
  custom:audio-encoder-webm-vorbis: bf7c407c2cedff20999df2af8eb42d56 -> 
========================================================================
Received Prepare
Registering precompiled user dll's ...
Registered in 0.004352 seconds.
Begin MonoManager ReloadAssembly
Native extension for WindowsStandalone target not found
Refreshing native plugins compatible for Editor in 0.48 ms, found 3 plugins.
Preloading 0 native plugins for Editor in 0.00 ms.
Mono: successfully reloaded assembly
- Completed reload, in  1.019 seconds
Domain Reload Profiling:
	ReloadAssembly (1020ms)
		BeginReloadAssembly (117ms)
			ExecutionOrderSort (0ms)
			DisableScriptedObjects (6ms)
			BackupInstance (0ms)
			ReleaseScriptingObjects (0ms)
			CreateAndSetChildDomain (32ms)
		EndReloadAssembly (844ms)
			LoadAssemblies (85ms)
			RebuildTransferFunctionScriptingTraits (0ms)
			SetupTypeCache (270ms)
			ReleaseScriptCaches (1ms)
			RebuildScriptCaches (48ms)
			SetupLoadedEditorAssemblies (343ms)
				LogAssemblyErrors (0ms)
				InitializePlatformSupportModulesInManaged (5ms)
				SetLoadedEditorAssemblies (0ms)
				RefreshPlugins (1ms)
				BeforeProcessingInitializeOnLoad (79ms)
				ProcessInitializeOnLoadAttributes (245ms)
				ProcessInitializeOnLoadMethodAttributes (6ms)
				AfterProcessingInitializeOnLoad (6ms)
				EditorAssembliesLoaded (0ms)
			ExecutionOrderSort2 (0ms)
			AwakeInstancesAfterBackupRestoration (8ms)
Platform modules already initialized, skipping
Refreshing native plugins compatible for Editor in 0.49 ms, found 3 plugins.
Preloading 0 native plugins for Editor in 0.00 ms.
Unloading 2136 Unused Serialized files (Serialized files now loaded: 0)
System memory in use before: 95.1 MB.
System memory in use after: 95.2 MB.

Unloading 16 unused Assets to reduce memory usage. Loaded Objects now: 2609.
Total: 3.144500 ms (FindLiveObjects: 0.184700 ms CreateObjectMapping: 0.151600 ms MarkObjects: 2.767200 ms  DeleteObjects: 0.039800 ms)

AssetImportParameters requested are different than current active one (requested -> active):
  custom:framework-win-MediaFoundation: 216162199b28c13a410421893ffa2e32 -> 
  custom:video-decoder-ogg-theora: a1e56fd34408186e4bbccfd4996cb3dc -> 
  custom:container-muxer-webm: aa71ff27fc2769a1b78a27578f13a17b -> 
  custom:container-demuxer-webm: 4f35f7cbe854078d1ac9338744f61a02 -> 
  custom:container-demuxer-ogg: 62fdf1f143b41e24485cea50d1cbac27 -> 
  custom:video-encoder-webm-vp8: eb34c28f22e8b96e1ab97ce403110664 -> 
  custom:video-decoder-webm-vp8: 9c59270c3fd7afecdb556c50c9e8de78 -> 
  custom:audio-decoder-ogg-vorbis: bf7c407c2cedff20999df2af8eb42d56 -> 
  custom:audio-encoder-webm-vorbis: bf7c407c2cedff20999df2af8eb42d56 -> 
========================================================================
Received Prepare
Registering precompiled user dll's ...
Registered in 0.004920 seconds.
Begin MonoManager ReloadAssembly
Native extension for WindowsStandalone target not found
Refreshing native plugins compatible for Editor in 0.59 ms, found 3 plugins.
Preloading 0 native plugins for Editor in 0.00 ms.
Mono: successfully reloaded assembly
- Completed reload, in  1.179 seconds
Domain Reload Profiling:
	ReloadAssembly (1180ms)
		BeginReloadAssembly (121ms)
			ExecutionOrderSort (0ms)
			DisableScriptedObjects (7ms)
			BackupInstance (0ms)
			ReleaseScriptingObjects (0ms)
			CreateAndSetChildDomain (35ms)
		EndReloadAssembly (991ms)
			LoadAssemblies (102ms)
			RebuildTransferFunctionScriptingTraits (0ms)
			SetupTypeCache (331ms)
			ReleaseScriptCaches (1ms)
			RebuildScriptCaches (45ms)
			SetupLoadedEditorAssemblies (405ms)
				LogAssemblyErrors (0ms)
				InitializePlatformSupportModulesInManaged (5ms)
				SetLoadedEditorAssemblies (1ms)
				RefreshPlugins (1ms)
				BeforeProcessingInitializeOnLoad (91ms)
				ProcessInitializeOnLoadAttributes (293ms)
				ProcessInitializeOnLoadMethodAttributes (7ms)
				AfterProcessingInitializeOnLoad (7ms)
				EditorAssembliesLoaded (0ms)
			ExecutionOrderSort2 (0ms)
			AwakeInstancesAfterBackupRestoration (10ms)
Platform modules already initialized, skipping
Refreshing native plugins compatible for Editor in 0.49 ms, found 3 plugins.
Preloading 0 native plugins for Editor in 0.00 ms.
Unloading 2136 Unused Serialized files (Serialized files now loaded: 0)
System memory in use before: 95.1 MB.
System memory in use after: 95.2 MB.

Unloading 16 unused Assets to reduce memory usage. Loaded Objects now: 2612.
Total: 2.943100 ms (FindLiveObjects: 0.175100 ms CreateObjectMapping: 0.076000 ms MarkObjects: 2.669000 ms  DeleteObjects: 0.021400 ms)

AssetImportParameters requested are different than current active one (requested -> active):
  custom:framework-win-MediaFoundation: 216162199b28c13a410421893ffa2e32 -> 
  custom:video-decoder-ogg-theora: a1e56fd34408186e4bbccfd4996cb3dc -> 
  custom:container-muxer-webm: aa71ff27fc2769a1b78a27578f13a17b -> 
  custom:container-demuxer-webm: 4f35f7cbe854078d1ac9338744f61a02 -> 
  custom:container-demuxer-ogg: 62fdf1f143b41e24485cea50d1cbac27 -> 
  custom:video-encoder-webm-vp8: eb34c28f22e8b96e1ab97ce403110664 -> 
  custom:video-decoder-webm-vp8: 9c59270c3fd7afecdb556c50c9e8de78 -> 
  custom:audio-decoder-ogg-vorbis: bf7c407c2cedff20999df2af8eb42d56 -> 
  custom:audio-encoder-webm-vorbis: bf7c407c2cedff20999df2af8eb42d56 -> 
========================================================================
Received Import Request.
  Time since last request: 340004.093024 seconds.
  path: Assets/Scripts/UI/NextWaveButton.cs
  artifactKey: Guid(572e50b7e72444142b069c1aadcd9b39) Importer(815301076,1909f56bfc062723c751e8b465ee728b)
Start importing Assets/Scripts/UI/NextWaveButton.cs using Guid(572e50b7e72444142b069c1aadcd9b39) Importer(815301076,1909f56bfc062723c751e8b465ee728b)  -> (artifact id: '0803f095928a91fcfadc6e759d77b855') in 0.016425 seconds 
  Import took 0.020596 seconds .

========================================================================
Received Import Request.
  Time since last request: 10.670706 seconds.
  path: Assets/Scripts/UI/NextWave.cs
  artifactKey: Guid(572e50b7e72444142b069c1aadcd9b39) Importer(815301076,1909f56bfc062723c751e8b465ee728b)
Start importing Assets/Scripts/UI/NextWave.cs using Guid(572e50b7e72444142b069c1aadcd9b39) Importer(815301076,1909f56bfc062723c751e8b465ee728b)  -> (artifact id: '26b785f4626fb838e30f2c49a6a9f389') in 0.006521 seconds 
  Import took 0.010896 seconds .

========================================================================
Received Prepare
Registering precompiled user dll's ...
Registered in 0.004212 seconds.
Begin MonoManager ReloadAssembly
Native extension for WindowsStandalone target not found
Refreshing native plugins compatible for Editor in 0.52 ms, found 3 plugins.
Preloading 0 native plugins for Editor in 0.00 ms.
Mono: successfully reloaded assembly
- Completed reload, in  0.992 seconds
Domain Reload Profiling:
	ReloadAssembly (992ms)
		BeginReloadAssembly (105ms)
			ExecutionOrderSort (0ms)
			DisableScriptedObjects (6ms)
			BackupInstance (0ms)
			ReleaseScriptingObjects (0ms)
			CreateAndSetChildDomain (31ms)
		EndReloadAssembly (828ms)
			LoadAssemblies (90ms)
			RebuildTransferFunctionScriptingTraits (0ms)
			SetupTypeCache (267ms)
			ReleaseScriptCaches (1ms)
			RebuildScriptCaches (37ms)
			SetupLoadedEditorAssemblies (342ms)
				LogAssemblyErrors (0ms)
				InitializePlatformSupportModulesInManaged (4ms)
				SetLoadedEditorAssemblies (0ms)
				RefreshPlugins (1ms)
				BeforeProcessingInitializeOnLoad (79ms)
				ProcessInitializeOnLoadAttributes (246ms)
				ProcessInitializeOnLoadMethodAttributes (6ms)
				AfterProcessingInitializeOnLoad (6ms)
				EditorAssembliesLoaded (0ms)
			ExecutionOrderSort2 (0ms)
			AwakeInstancesAfterBackupRestoration (9ms)
Platform modules already initialized, skipping
Refreshing native plugins compatible for Editor in 0.47 ms, found 3 plugins.
Preloading 0 native plugins for Editor in 0.00 ms.
Unloading 2136 Unused Serialized files (Serialized files now loaded: 0)
System memory in use before: 95.1 MB.
System memory in use after: 95.2 MB.

Unloading 16 unused Assets to reduce memory usage. Loaded Objects now: 2615.
Total: 2.723800 ms (FindLiveObjects: 0.171200 ms CreateObjectMapping: 0.074200 ms MarkObjects: 2.460600 ms  DeleteObjects: 0.016500 ms)

AssetImportParameters requested are different than current active one (requested -> active):
  custom:framework-win-MediaFoundation: 216162199b28c13a410421893ffa2e32 -> 
  custom:video-decoder-ogg-theora: a1e56fd34408186e4bbccfd4996cb3dc -> 
  custom:container-muxer-webm: aa71ff27fc2769a1b78a27578f13a17b -> 
  custom:container-demuxer-webm: 4f35f7cbe854078d1ac9338744f61a02 -> 
  custom:container-demuxer-ogg: 62fdf1f143b41e24485cea50d1cbac27 -> 
  custom:video-encoder-webm-vp8: eb34c28f22e8b96e1ab97ce403110664 -> 
  custom:video-decoder-webm-vp8: 9c59270c3fd7afecdb556c50c9e8de78 -> 
  custom:audio-decoder-ogg-vorbis: bf7c407c2cedff20999df2af8eb42d56 -> 
  custom:audio-encoder-webm-vorbis: bf7c407c2cedff20999df2af8eb42d56 -> 
========================================================================
Received Prepare
Registering precompiled user dll's ...
Registered in 0.004278 seconds.
Begin MonoManager ReloadAssembly
Native extension for WindowsStandalone target not found
Refreshing native plugins compatible for Editor in 0.49 ms, found 3 plugins.
Preloading 0 native plugins for Editor in 0.00 ms.
Mono: successfully reloaded assembly
- Completed reload, in  0.992 seconds
Domain Reload Profiling:
	ReloadAssembly (993ms)
		BeginReloadAssembly (106ms)
			ExecutionOrderSort (0ms)
			DisableScriptedObjects (6ms)
			BackupInstance (0ms)
			ReleaseScriptingObjects (0ms)
			CreateAndSetChildDomain (29ms)
		EndReloadAssembly (827ms)
			LoadAssemblies (86ms)
			RebuildTransferFunctionScriptingTraits (0ms)
			SetupTypeCache (263ms)
			ReleaseScriptCaches (1ms)
			RebuildScriptCaches (39ms)
			SetupLoadedEditorAssemblies (343ms)
				LogAssemblyErrors (0ms)
				InitializePlatformSupportModulesInManaged (4ms)
				SetLoadedEditorAssemblies (0ms)
				RefreshPlugins (1ms)
				BeforeProcessingInitializeOnLoad (81ms)
				ProcessInitializeOnLoadAttributes (244ms)
				ProcessInitializeOnLoadMethodAttributes (6ms)
				AfterProcessingInitializeOnLoad (6ms)
				EditorAssembliesLoaded (0ms)
			ExecutionOrderSort2 (0ms)
			AwakeInstancesAfterBackupRestoration (8ms)
Platform modules already initialized, skipping
Refreshing native plugins compatible for Editor in 0.48 ms, found 3 plugins.
Preloading 0 native plugins for Editor in 0.00 ms.
Unloading 2136 Unused Serialized files (Serialized files now loaded: 0)
System memory in use before: 95.1 MB.
System memory in use after: 95.2 MB.

Unloading 16 unused Assets to reduce memory usage. Loaded Objects now: 2618.
Total: 2.899900 ms (FindLiveObjects: 0.177700 ms CreateObjectMapping: 0.071800 ms MarkObjects: 2.633900 ms  DeleteObjects: 0.015700 ms)

AssetImportParameters requested are different than current active one (requested -> active):
  custom:framework-win-MediaFoundation: 216162199b28c13a410421893ffa2e32 -> 
  custom:video-decoder-ogg-theora: a1e56fd34408186e4bbccfd4996cb3dc -> 
  custom:container-muxer-webm: aa71ff27fc2769a1b78a27578f13a17b -> 
  custom:container-demuxer-webm: 4f35f7cbe854078d1ac9338744f61a02 -> 
  custom:container-demuxer-ogg: 62fdf1f143b41e24485cea50d1cbac27 -> 
  custom:video-encoder-webm-vp8: eb34c28f22e8b96e1ab97ce403110664 -> 
  custom:video-decoder-webm-vp8: 9c59270c3fd7afecdb556c50c9e8de78 -> 
  custom:audio-decoder-ogg-vorbis: bf7c407c2cedff20999df2af8eb42d56 -> 
  custom:audio-encoder-webm-vorbis: bf7c407c2cedff20999df2af8eb42d56 -> 
========================================================================
Received Prepare
Registering precompiled user dll's ...
Registered in 0.004532 seconds.
Begin MonoManager ReloadAssembly
Native extension for WindowsStandalone target not found
Refreshing native plugins compatible for Editor in 0.47 ms, found 3 plugins.
Preloading 0 native plugins for Editor in 0.00 ms.
Mono: successfully reloaded assembly
- Completed reload, in  0.992 seconds
Domain Reload Profiling:
	ReloadAssembly (993ms)
		BeginReloadAssembly (104ms)
			ExecutionOrderSort (0ms)
			DisableScriptedObjects (6ms)
			BackupInstance (0ms)
			ReleaseScriptingObjects (0ms)
			CreateAndSetChildDomain (29ms)
		EndReloadAssembly (830ms)
			LoadAssemblies (92ms)
			RebuildTransferFunctionScriptingTraits (0ms)
			SetupTypeCache (261ms)
			ReleaseScriptCaches (1ms)
			RebuildScriptCaches (40ms)
			SetupLoadedEditorAssemblies (340ms)
				LogAssemblyErrors (0ms)
				InitializePlatformSupportModulesInManaged (5ms)
				SetLoadedEditorAssemblies (0ms)
				RefreshPlugins (1ms)
				BeforeProcessingInitializeOnLoad (80ms)
				ProcessInitializeOnLoadAttributes (242ms)
				ProcessInitializeOnLoadMethodAttributes (6ms)
				AfterProcessingInitializeOnLoad (6ms)
				EditorAssembliesLoaded (0ms)
			ExecutionOrderSort2 (0ms)
			AwakeInstancesAfterBackupRestoration (8ms)
Platform modules already initialized, skipping
Refreshing native plugins compatible for Editor in 0.58 ms, found 3 plugins.
Preloading 0 native plugins for Editor in 0.00 ms.
Unloading 2136 Unused Serialized files (Serialized files now loaded: 0)
System memory in use before: 95.1 MB.
System memory in use after: 95.2 MB.

Unloading 16 unused Assets to reduce memory usage. Loaded Objects now: 2621.
Total: 2.896400 ms (FindLiveObjects: 0.169800 ms CreateObjectMapping: 0.074600 ms MarkObjects: 2.635300 ms  DeleteObjects: 0.015800 ms)

AssetImportParameters requested are different than current active one (requested -> active):
  custom:framework-win-MediaFoundation: 216162199b28c13a410421893ffa2e32 -> 
  custom:video-decoder-ogg-theora: a1e56fd34408186e4bbccfd4996cb3dc -> 
  custom:container-muxer-webm: aa71ff27fc2769a1b78a27578f13a17b -> 
  custom:container-demuxer-webm: 4f35f7cbe854078d1ac9338744f61a02 -> 
  custom:container-demuxer-ogg: 62fdf1f143b41e24485cea50d1cbac27 -> 
  custom:video-encoder-webm-vp8: eb34c28f22e8b96e1ab97ce403110664 -> 
  custom:video-decoder-webm-vp8: 9c59270c3fd7afecdb556c50c9e8de78 -> 
  custom:audio-decoder-ogg-vorbis: bf7c407c2cedff20999df2af8eb42d56 -> 
  custom:audio-encoder-webm-vorbis: bf7c407c2cedff20999df2af8eb42d56 -> 
========================================================================
Received Prepare
Registering precompiled user dll's ...
Registered in 0.004290 seconds.
Begin MonoManager ReloadAssembly
Native extension for WindowsStandalone target not found
Refreshing native plugins compatible for Editor in 0.48 ms, found 3 plugins.
Preloading 0 native plugins for Editor in 0.00 ms.
Mono: successfully reloaded assembly
- Completed reload, in  0.999 seconds
Domain Reload Profiling:
	ReloadAssembly (1000ms)
		BeginReloadAssembly (105ms)
			ExecutionOrderSort (0ms)
			DisableScriptedObjects (6ms)
			BackupInstance (0ms)
			ReleaseScriptingObjects (0ms)
			CreateAndSetChildDomain (30ms)
		EndReloadAssembly (836ms)
			LoadAssemblies (89ms)
			RebuildTransferFunctionScriptingTraits (0ms)
			SetupTypeCache (263ms)
			ReleaseScriptCaches (1ms)
			RebuildScriptCaches (39ms)
			SetupLoadedEditorAssemblies (349ms)
				LogAssemblyErrors (0ms)
				InitializePlatformSupportModulesInManaged (5ms)
				SetLoadedEditorAssemblies (0ms)
				RefreshPlugins (1ms)
				BeforeProcessingInitializeOnLoad (80ms)
				ProcessInitializeOnLoadAttributes (250ms)
				ProcessInitializeOnLoadMethodAttributes (6ms)
				AfterProcessingInitializeOnLoad (7ms)
				EditorAssembliesLoaded (0ms)
			ExecutionOrderSort2 (0ms)
			AwakeInstancesAfterBackupRestoration (8ms)
Platform modules already initialized, skipping
Refreshing native plugins compatible for Editor in 0.48 ms, found 3 plugins.
Preloading 0 native plugins for Editor in 0.00 ms.
Unloading 2136 Unused Serialized files (Serialized files now loaded: 0)
System memory in use before: 95.1 MB.
System memory in use after: 95.2 MB.

Unloading 16 unused Assets to reduce memory usage. Loaded Objects now: 2624.
Total: 2.875800 ms (FindLiveObjects: 0.176500 ms CreateObjectMapping: 0.069200 ms MarkObjects: 2.609800 ms  DeleteObjects: 0.019000 ms)

AssetImportParameters requested are different than current active one (requested -> active):
  custom:framework-win-MediaFoundation: 216162199b28c13a410421893ffa2e32 -> 
  custom:video-decoder-ogg-theora: a1e56fd34408186e4bbccfd4996cb3dc -> 
  custom:container-muxer-webm: aa71ff27fc2769a1b78a27578f13a17b -> 
  custom:container-demuxer-webm: 4f35f7cbe854078d1ac9338744f61a02 -> 
  custom:container-demuxer-ogg: 62fdf1f143b41e24485cea50d1cbac27 -> 
  custom:video-encoder-webm-vp8: eb34c28f22e8b96e1ab97ce403110664 -> 
  custom:video-decoder-webm-vp8: 9c59270c3fd7afecdb556c50c9e8de78 -> 
  custom:audio-decoder-ogg-vorbis: bf7c407c2cedff20999df2af8eb42d56 -> 
  custom:audio-encoder-webm-vorbis: bf7c407c2cedff20999df2af8eb42d56 -> 
========================================================================
Received Import Request.
  Time since last request: 8183.746967 seconds.
  path: Assets/Sprites/Weapon/UZI.png
  artifactKey: Guid(6f6850fe38cc496429deb083389e96d1) Importer(815301076,1909f56bfc062723c751e8b465ee728b)
Start importing Assets/Sprites/Weapon/UZI.png using Guid(6f6850fe38cc496429deb083389e96d1) Importer(815301076,1909f56bfc062723c751e8b465ee728b)  -> (artifact id: '71bf514e1e4ded0feff2c7d14ab7b4e4') in 0.448072 seconds 
  Import took 0.513640 seconds .

========================================================================
Received Import Request.
  Time since last request: 0.000383 seconds.
  path: Assets/Sprites/PaperUIKit/Pngs/VolumeBar.png
  artifactKey: Guid(86cd80aefa3a3fb489bb685b43fa668b) Importer(815301076,1909f56bfc062723c751e8b465ee728b)
Start importing Assets/Sprites/PaperUIKit/Pngs/VolumeBar.png using Guid(86cd80aefa3a3fb489bb685b43fa668b) Importer(815301076,1909f56bfc062723c751e8b465ee728b)  -> (artifact id: 'b8273e803b90f0d04e5b8742f81bdb11') in 0.025573 seconds 
  Import took 0.029330 seconds .

========================================================================
Received Import Request.
  Time since last request: 0.000348 seconds.
  path: Assets/Sprites/PaperUIKit/Pngs/VolumeSlider.png
  artifactKey: Guid(313f2c5290fe711459da8f1e4496a746) Importer(815301076,1909f56bfc062723c751e8b465ee728b)
Start importing Assets/Sprites/PaperUIKit/Pngs/VolumeSlider.png using Guid(313f2c5290fe711459da8f1e4496a746) Importer(815301076,1909f56bfc062723c751e8b465ee728b)  -> (artifact id: '0134ff114821a23bdf0ea8292d5eabe5') in 0.021991 seconds 
  Import took 0.026111 seconds .

========================================================================
Received Import Request.
  Time since last request: 36.954864 seconds.
  path: Assets/Sprites/PaperUIKit
  artifactKey: Guid(bdfa0277cf1b7b84faa03aaa4a7dc033) Importer(815301076,1909f56bfc062723c751e8b465ee728b)
Start importing Assets/Sprites/PaperUIKit using Guid(bdfa0277cf1b7b84faa03aaa4a7dc033) Importer(815301076,1909f56bfc062723c751e8b465ee728b)  -> (artifact id: '2cb9748c66d99755521f3bf1b9f9107a') in 0.008147 seconds 
  Import took 0.012271 seconds .

========================================================================
Received Import Request.
  Time since last request: 1.222118 seconds.
  path: Assets/Sprites/PaperUIKit/Pngs
  artifactKey: Guid(3cc0a18dc94912e4387e92771b0e550c) Importer(815301076,1909f56bfc062723c751e8b465ee728b)
Start importing Assets/Sprites/PaperUIKit/Pngs using Guid(3cc0a18dc94912e4387e92771b0e550c) Importer(815301076,1909f56bfc062723c751e8b465ee728b)  -> (artifact id: '3cbbffdf7c468e6c2f4fe679d7000bf8') in 0.011223 seconds 
  Import took 0.015058 seconds .

========================================================================
Received Import Request.
  Time since last request: 0.030534 seconds.
  path: Assets/Sprites/PaperUIKit/Pngs/SaveMenu.png
  artifactKey: Guid(6b8594e932a91814393d0377ba5eeac4) Importer(815301076,1909f56bfc062723c751e8b465ee728b)
Start importing Assets/Sprites/PaperUIKit/Pngs/SaveMenu.png using Guid(6b8594e932a91814393d0377ba5eeac4) Importer(815301076,1909f56bfc062723c751e8b465ee728b)  -> (artifact id: 'bd0495cb4b767d3e0aed8320aff0e349') in 0.060816 seconds 
  Import took 0.065596 seconds .

========================================================================
Received Import Request.
  Time since last request: 0.000256 seconds.
  path: Assets/Sprites/PaperUIKit/Pngs/SmallBackground.png
  artifactKey: Guid(2c95a77545f46774896f684f111429e6) Importer(815301076,1909f56bfc062723c751e8b465ee728b)
Start importing Assets/Sprites/PaperUIKit/Pngs/SmallBackground.png using Guid(2c95a77545f46774896f684f111429e6) Importer(815301076,1909f56bfc062723c751e8b465ee728b)  -> (artifact id: '2683b1ac65c7f0bc87ff36b3f2841178') in 0.028525 seconds 
  Import took 0.031478 seconds .

========================================================================
Received Import Request.
  Time since last request: 0.000293 seconds.
  path: Assets/Sprites/PaperUIKit/Pngs/SaveSlotSeletcor.png
  artifactKey: Guid(c1b25a2afc1db3b4db14c7759eaa343d) Importer(815301076,1909f56bfc062723c751e8b465ee728b)
Start importing Assets/Sprites/PaperUIKit/Pngs/SaveSlotSeletcor.png using Guid(c1b25a2afc1db3b4db14c7759eaa343d) Importer(815301076,1909f56bfc062723c751e8b465ee728b)  -> (artifact id: '89b01fecffa1c73f207e0bb17f4421bd') in 0.021282 seconds 
  Import took 0.024993 seconds .

========================================================================
Received Import Request.
  Time since last request: 0.000252 seconds.
  path: Assets/Sprites/PaperUIKit/Pngs/SettingsBackground.png
  artifactKey: Guid(834b46e5e8848ff4792702e8fc9ec4e9) Importer(815301076,1909f56bfc062723c751e8b465ee728b)
Start importing Assets/Sprites/PaperUIKit/Pngs/SettingsBackground.png using Guid(834b46e5e8848ff4792702e8fc9ec4e9) Importer(815301076,1909f56bfc062723c751e8b465ee728b)  -> (artifact id: 'c526685b12bb0eca627750b45e43f18b') in 0.033338 seconds 
  Import took 0.036986 seconds .

========================================================================
Received Import Request.
  Time since last request: 0.000287 seconds.
  path: Assets/Sprites/PaperUIKit/Pngs/TickIcon.png
  artifactKey: Guid(83cb0691706c3ec46b9d41dc04f19493) Importer(815301076,1909f56bfc062723c751e8b465ee728b)
Start importing Assets/Sprites/PaperUIKit/Pngs/TickIcon.png using Guid(83cb0691706c3ec46b9d41dc04f19493) Importer(815301076,1909f56bfc062723c751e8b465ee728b)  -> (artifact id: 'dcf66dc26b623c9884e04db232493f42') in 0.022399 seconds 
  Import took 0.026018 seconds .

========================================================================
Received Import Request.
  Time since last request: 0.000308 seconds.
  path: Assets/Sprites/PaperUIKit/Pngs/SaveSlotSelected.png
  artifactKey: Guid(03178ee7e27bad94593e0451d0d9a1ef) Importer(815301076,1909f56bfc062723c751e8b465ee728b)
Start importing Assets/Sprites/PaperUIKit/Pngs/SaveSlotSelected.png using Guid(03178ee7e27bad94593e0451d0d9a1ef) Importer(815301076,1909f56bfc062723c751e8b465ee728b)  -> (artifact id: 'fbdb09216270e8b9a48440e986d21d42') in 0.023288 seconds 
  Import took 0.027202 seconds .

========================================================================
Received Import Request.
  Time since last request: 0.000256 seconds.
  path: Assets/Sprites/PaperUIKit/Pngs/SaveSlot.png
  artifactKey: Guid(6dd0ccc298b63e0419567cab6da7c7f7) Importer(815301076,1909f56bfc062723c751e8b465ee728b)
Start importing Assets/Sprites/PaperUIKit/Pngs/SaveSlot.png using Guid(6dd0ccc298b63e0419567cab6da7c7f7) Importer(815301076,1909f56bfc062723c751e8b465ee728b)  -> (artifact id: '1c08920a16a5e7dcfa3afdafc2f55906') in 0.025691 seconds 
  Import took 0.029288 seconds .

========================================================================
Received Import Request.
  Time since last request: 0.000315 seconds.
  path: Assets/Sprites/PaperUIKit/Pngs/SaveMenu.png
  artifactKey: Guid(6b8594e932a91814393d0377ba5eeac4) Importer(815301076,1909f56bfc062723c751e8b465ee728b)
Start importing Assets/Sprites/PaperUIKit/Pngs/SaveMenu.png using Guid(6b8594e932a91814393d0377ba5eeac4) Importer(815301076,1909f56bfc062723c751e8b465ee728b)  -> (artifact id: 'bd0495cb4b767d3e0aed8320aff0e349') in 0.018537 seconds 
  Import took 0.021817 seconds .

========================================================================
Received Import Request.
  Time since last request: 0.000255 seconds.
  path: Assets/Sprites/PaperUIKit/Pngs/TickBox.png
  artifactKey: Guid(d963464a4b333c84aa6a131014bc0ac1) Importer(815301076,1909f56bfc062723c751e8b465ee728b)
Start importing Assets/Sprites/PaperUIKit/Pngs/TickBox.png using Guid(d963464a4b333c84aa6a131014bc0ac1) Importer(815301076,1909f56bfc062723c751e8b465ee728b)  -> (artifact id: '3c5d790ea7cfd12ea2744bef3c3e330d') in 0.020881 seconds 
  Import took 0.023830 seconds .

========================================================================
Received Import Request.
  Time since last request: 0.000246 seconds.
  path: Assets/Sprites/PaperUIKit/Pngs/SmallBackground2.png
  artifactKey: Guid(29e2f6780ee845842a9a33cdcb938bd3) Importer(815301076,1909f56bfc062723c751e8b465ee728b)
Start importing Assets/Sprites/PaperUIKit/Pngs/SmallBackground2.png using Guid(29e2f6780ee845842a9a33cdcb938bd3) Importer(815301076,1909f56bfc062723c751e8b465ee728b)  -> (artifact id: '5faaf5bc5458a6e222ba462dd3d3e7ba') in 0.024225 seconds 
  Import took 0.027787 seconds .

========================================================================
Received Import Request.
  Time since last request: 0.000287 seconds.
  path: Assets/Sprites/PaperUIKit/Pngs/SwitchContainer.png
  artifactKey: Guid(5d6531751908a5343948cf8638184bae) Importer(815301076,1909f56bfc062723c751e8b465ee728b)
Start importing Assets/Sprites/PaperUIKit/Pngs/SwitchContainer.png using Guid(5d6531751908a5343948cf8638184bae) Importer(815301076,1909f56bfc062723c751e8b465ee728b)  -> (artifact id: '39ac9f90c67ce9ae25c64395bd4b23cf') in 0.019418 seconds 
  Import took 0.023051 seconds .

========================================================================
Received Import Request.
  Time since last request: 0.000250 seconds.
  path: Assets/Sprites/PaperUIKit/Pngs/StarIcon.png
  artifactKey: Guid(57b08b59154b45d45a96b3d11d1c0a61) Importer(815301076,1909f56bfc062723c751e8b465ee728b)
Start importing Assets/Sprites/PaperUIKit/Pngs/StarIcon.png using Guid(57b08b59154b45d45a96b3d11d1c0a61) Importer(815301076,1909f56bfc062723c751e8b465ee728b)  -> (artifact id: '6b6da19ddfdf9898d54ddd4b7fb38b19') in 0.020372 seconds 
  Import took 0.023865 seconds .

========================================================================
Received Import Request.
  Time since last request: 0.000297 seconds.
  path: Assets/Sprites/PaperUIKit/Pngs/Switch.png
  artifactKey: Guid(24ef4a4599a7f5e45a8e09dba82bfab8) Importer(815301076,1909f56bfc062723c751e8b465ee728b)
Start importing Assets/Sprites/PaperUIKit/Pngs/Switch.png using Guid(24ef4a4599a7f5e45a8e09dba82bfab8) Importer(815301076,1909f56bfc062723c751e8b465ee728b)  -> (artifact id: '95575597ced93474121ace4894032068') in 0.020593 seconds 
  Import took 0.024652 seconds .

========================================================================
Received Import Request.
  Time since last request: 0.000906 seconds.
  path: Assets/Sprites/PaperUIKit/Pngs/Switch.png
  artifactKey: Guid(24ef4a4599a7f5e45a8e09dba82bfab8) Importer(815301076,1909f56bfc062723c751e8b465ee728b)
Start importing Assets/Sprites/PaperUIKit/Pngs/Switch.png using Guid(24ef4a4599a7f5e45a8e09dba82bfab8) Importer(815301076,1909f56bfc062723c751e8b465ee728b)  -> (artifact id: '95575597ced93474121ace4894032068') in 0.013391 seconds 
  Import took 0.016659 seconds .

========================================================================
Received Import Request.
  Time since last request: 9.959937 seconds.
  path: Assets/Sprites/PaperUIKit/Pngs/VolumeBar.png
  artifactKey: Guid(86cd80aefa3a3fb489bb685b43fa668b) Importer(815301076,1909f56bfc062723c751e8b465ee728b)
Start importing Assets/Sprites/PaperUIKit/Pngs/VolumeBar.png using Guid(86cd80aefa3a3fb489bb685b43fa668b) Importer(815301076,1909f56bfc062723c751e8b465ee728b)  -> (artifact id: 'bc04666b8901167b2871f3b90db1b630') in 0.010135 seconds 
  Import took 0.014013 seconds .

========================================================================
Received Import Request.
  Time since last request: 18.004063 seconds.
  path: Assets/Sprites/PaperUIKit/Pngs/VolumeBar.png
  artifactKey: Guid(86cd80aefa3a3fb489bb685b43fa668b) Importer(815301076,1909f56bfc062723c751e8b465ee728b)
Start importing Assets/Sprites/PaperUIKit/Pngs/VolumeBar.png using Guid(86cd80aefa3a3fb489bb685b43fa668b) Importer(815301076,1909f56bfc062723c751e8b465ee728b)  -> (artifact id: '2cb148e394deb564ea2fa04e156872e3') in 0.023719 seconds 
  Import took 0.027381 seconds .

========================================================================
Received Import Request.
  Time since last request: 21.506169 seconds.
  path: Assets/Sprites/PaperUIKit/Pngs/VolumeBar.png
  artifactKey: Guid(86cd80aefa3a3fb489bb685b43fa668b) Importer(815301076,1909f56bfc062723c751e8b465ee728b)
Start importing Assets/Sprites/PaperUIKit/Pngs/VolumeBar.png using Guid(86cd80aefa3a3fb489bb685b43fa668b) Importer(815301076,1909f56bfc062723c751e8b465ee728b)  -> (artifact id: '754e0d16f1eb04edd83f78a39f99840f') in 0.011490 seconds 
  Import took 0.015867 seconds .

========================================================================
Received Import Request.
  Time since last request: 21.357593 seconds.
  path: Assets/Sprites/CartoonViking/CartoonViking/Reload01/Reload01_03.png
  artifactKey: Guid(823b7a4d3ffebc84b9885ea4e6471158) Importer(815301076,1909f56bfc062723c751e8b465ee728b)
Start importing Assets/Sprites/CartoonViking/CartoonViking/Reload01/Reload01_03.png using Guid(823b7a4d3ffebc84b9885ea4e6471158) Importer(815301076,1909f56bfc062723c751e8b465ee728b)  -> (artifact id: '47282505f02ae1989adc563eaea52414') in 0.020844 seconds 
  Import took 0.026731 seconds .

========================================================================
Received Import Request.
  Time since last request: 0.000254 seconds.
  path: Assets/Sprites/CartoonViking/CartoonViking/Reload01/Reload01_07.png
  artifactKey: Guid(ef5a3dc5b6fb1cc4d98b1bb457fa0a9b) Importer(815301076,1909f56bfc062723c751e8b465ee728b)
Start importing Assets/Sprites/CartoonViking/CartoonViking/Reload01/Reload01_07.png using Guid(ef5a3dc5b6fb1cc4d98b1bb457fa0a9b) Importer(815301076,1909f56bfc062723c751e8b465ee728b)  -> (artifact id: '18ac13d9505dbe555f28fc9a8af1d026') in 0.022203 seconds 
  Import took 0.025858 seconds .

========================================================================
Received Import Request.
  Time since last request: 0.000244 seconds.
  path: Assets/Sprites/Custom Enemy/Player/02_run/run_4.png
  artifactKey: Guid(3a724b5e4e7db124c8256ae98413abad) Importer(815301076,1909f56bfc062723c751e8b465ee728b)
Start importing Assets/Sprites/Custom Enemy/Player/02_run/run_4.png using Guid(3a724b5e4e7db124c8256ae98413abad) Importer(815301076,1909f56bfc062723c751e8b465ee728b)  -> (artifact id: '3ff7d56f713f18e31bbdbefd394f588a') in 0.020969 seconds 
  Import took 0.024538 seconds .

========================================================================
Received Import Request.
  Time since last request: 0.000260 seconds.
  path: Assets/Sprites/Weapon/Rock.png
  artifactKey: Guid(336b8f38884ff5b4aafb89b97315490f) Importer(815301076,1909f56bfc062723c751e8b465ee728b)
Start importing Assets/Sprites/Weapon/Rock.png using Guid(336b8f38884ff5b4aafb89b97315490f) Importer(815301076,1909f56bfc062723c751e8b465ee728b)  -> (artifact id: '65f641eb65895d0bb3cc7173c157e8c3') in 0.024879 seconds 
  Import took 0.028973 seconds .

========================================================================
Received Import Request.
  Time since last request: 0.000218 seconds.
  path: Assets/Sprites/Custom Enemy/Player/04_roll/roll_6.png
  artifactKey: Guid(c17b3d4381475564c9fbc9105b52505c) Importer(815301076,1909f56bfc062723c751e8b465ee728b)
Start importing Assets/Sprites/Custom Enemy/Player/04_roll/roll_6.png using Guid(c17b3d4381475564c9fbc9105b52505c) Importer(815301076,1909f56bfc062723c751e8b465ee728b)  -> (artifact id: '3b29f7e2db6fc821bcddf79610967d55') in 0.023018 seconds 
  Import took 0.026640 seconds .

========================================================================
Received Import Request.
  Time since last request: 0.000231 seconds.
  path: Assets/Sprites/CartoonViking/CartoonViking/RunPose01_01/RunPose01_01.png
  artifactKey: Guid(c10fff7cbe0e40e4eab34f756e2d6af1) Importer(815301076,1909f56bfc062723c751e8b465ee728b)
Start importing Assets/Sprites/CartoonViking/CartoonViking/RunPose01_01/RunPose01_01.png using Guid(c10fff7cbe0e40e4eab34f756e2d6af1) Importer(815301076,1909f56bfc062723c751e8b465ee728b)  -> (artifact id: '2aad105817eb2b86870d59bb71c8e21f') in 0.018936 seconds 
  Import took 0.022377 seconds .

========================================================================
Received Import Request.
  Time since last request: 0.000187 seconds.
  path: Assets/Sprites/CartoonViking/CartoonViking/RunGun01/RunGun01_04.png
  artifactKey: Guid(ea7ed6e9a061c984d9db8311ac9c6d70) Importer(815301076,1909f56bfc062723c751e8b465ee728b)
Start importing Assets/Sprites/CartoonViking/CartoonViking/RunGun01/RunGun01_04.png using Guid(ea7ed6e9a061c984d9db8311ac9c6d70) Importer(815301076,1909f56bfc062723c751e8b465ee728b)  -> (artifact id: 'e675ad610a5ac61c0fdb6f952f2086cf') in 0.022771 seconds 
  Import took 0.026168 seconds .

========================================================================
Received Import Request.
  Time since last request: 0.000201 seconds.
  path: Assets/Sprites/CartoonViking/CartoonViking/RunPose01_01/RunPose01_02.png
  artifactKey: Guid(2319603591e6bdc41a0c692767183c63) Importer(815301076,1909f56bfc062723c751e8b465ee728b)
Start importing Assets/Sprites/CartoonViking/CartoonViking/RunPose01_01/RunPose01_02.png using Guid(2319603591e6bdc41a0c692767183c63) Importer(815301076,1909f56bfc062723c751e8b465ee728b)  -> (artifact id: '6aadceef0586240e35c73ea6f37f22a9') in 0.018210 seconds 
  Import took 0.021241 seconds .

========================================================================
Received Import Request.
  Time since last request: 0.000234 seconds.
  path: Assets/Sprites/CartoonViking/CartoonViking/RunPose02/RunPose02_08.png
  artifactKey: Guid(5acf8e28ca0e8c04b9dddae05f39dc93) Importer(815301076,1909f56bfc062723c751e8b465ee728b)
Start importing Assets/Sprites/CartoonViking/CartoonViking/RunPose02/RunPose02_08.png using Guid(5acf8e28ca0e8c04b9dddae05f39dc93) Importer(815301076,1909f56bfc062723c751e8b465ee728b)  -> (artifact id: '5da474b21808e27020f9429677ac83e7') in 0.018395 seconds 
  Import took 0.022080 seconds .

========================================================================
Received Import Request.
  Time since last request: 0.000262 seconds.
  path: Assets/Sprites/CartoonViking/CartoonViking/RunPose01_01/RunPose01_06.png
  artifactKey: Guid(4ff7b56667a222446aac9540e34a7d42) Importer(815301076,1909f56bfc062723c751e8b465ee728b)
Start importing Assets/Sprites/CartoonViking/CartoonViking/RunPose01_01/RunPose01_06.png using Guid(4ff7b56667a222446aac9540e34a7d42) Importer(815301076,1909f56bfc062723c751e8b465ee728b)  -> (artifact id: '8f61f8da6e3077f3610ddbd6b1592f62') in 0.021641 seconds 
  Import took 0.025583 seconds .

========================================================================
Received Import Request.
  Time since last request: 0.000258 seconds.
  path: Assets/Sprites/Custom Enemy/Player/10_take_hit/take_hit_3.png
  artifactKey: Guid(a632e3805009b1847be7043742ca1ec4) Importer(815301076,1909f56bfc062723c751e8b465ee728b)
Start importing Assets/Sprites/Custom Enemy/Player/10_take_hit/take_hit_3.png using Guid(a632e3805009b1847be7043742ca1ec4) Importer(815301076,1909f56bfc062723c751e8b465ee728b)  -> (artifact id: 'c020cff298e9e85d8bef9d3e4b0f3718') in 0.021198 seconds 
  Import took 0.024950 seconds .

========================================================================
Received Import Request.
  Time since last request: 0.000230 seconds.
  path: Assets/Sprites/Custom Enemy/Player/08_sp_atk/sp_atk_14.png
  artifactKey: Guid(bc2651a0e96ba894188a5f12bed5ce12) Importer(815301076,1909f56bfc062723c751e8b465ee728b)
Start importing Assets/Sprites/Custom Enemy/Player/08_sp_atk/sp_atk_14.png using Guid(bc2651a0e96ba894188a5f12bed5ce12) Importer(815301076,1909f56bfc062723c751e8b465ee728b)  -> (artifact id: 'e906a456de06086b5581a420bcbde6bc') in 0.021053 seconds 
  Import took 0.024683 seconds .

========================================================================
Received Import Request.
  Time since last request: 0.000280 seconds.
  path: Assets/Sprites/CartoonViking/CartoonViking/RunPose02/RunPose02_07.png
  artifactKey: Guid(8c7036289eeed7e42aa249ef00d17812) Importer(815301076,1909f56bfc062723c751e8b465ee728b)
Start importing Assets/Sprites/CartoonViking/CartoonViking/RunPose02/RunPose02_07.png using Guid(8c7036289eeed7e42aa249ef00d17812) Importer(815301076,1909f56bfc062723c751e8b465ee728b)  -> (artifact id: 'd3e64aeec209c9c03d6df37dcc962374') in 0.017127 seconds 
  Import took 0.020835 seconds .

========================================================================
Received Import Request.
  Time since last request: 0.000224 seconds.
  path: Assets/Sprites/Custom Enemy/Player/08_sp_atk/sp_atk_7.png
  artifactKey: Guid(8642433591b591f4eb122221a43e72f6) Importer(815301076,1909f56bfc062723c751e8b465ee728b)
Start importing Assets/Sprites/Custom Enemy/Player/08_sp_atk/sp_atk_7.png using Guid(8642433591b591f4eb122221a43e72f6) Importer(815301076,1909f56bfc062723c751e8b465ee728b)  -> (artifact id: '668e27d5dca579525a5f1a3285e5d2eb') in 0.022044 seconds 
  Import took 0.025631 seconds .

========================================================================
Received Import Request.
  Time since last request: 0.000241 seconds.
  path: Assets/Sprites/CartoonViking/CartoonViking/RunPose02/RunPose02_03.png
  artifactKey: Guid(201a8246aef765647a8ceabd8e784e31) Importer(815301076,1909f56bfc062723c751e8b465ee728b)
Start importing Assets/Sprites/CartoonViking/CartoonViking/RunPose02/RunPose02_03.png using Guid(201a8246aef765647a8ceabd8e784e31) Importer(815301076,1909f56bfc062723c751e8b465ee728b)  -> (artifact id: '175a8688e578479b213c52c561113275') in 0.019215 seconds 
  Import took 0.022778 seconds .

========================================================================
Received Import Request.
  Time since last request: 0.000229 seconds.
  path: Assets/Sprites/CartoonViking/CartoonViking/RunPose02/RunPose02_04.png
  artifactKey: Guid(d1e529d1104c2984bb15866d2425f25c) Importer(815301076,1909f56bfc062723c751e8b465ee728b)
Start importing Assets/Sprites/CartoonViking/CartoonViking/RunPose02/RunPose02_04.png using Guid(d1e529d1104c2984bb15866d2425f25c) Importer(815301076,1909f56bfc062723c751e8b465ee728b)  -> (artifact id: '3e5c34a18531e834e8dbaa7c9dadd408') in 0.019777 seconds 
  Import took 0.023266 seconds .

========================================================================
Received Import Request.
  Time since last request: 0.000228 seconds.
  path: Assets/Sprites/Custom Enemy/Player/08_sp_atk/sp_atk_9.png
  artifactKey: Guid(f87d6cce47d40504f840360d0d735549) Importer(815301076,1909f56bfc062723c751e8b465ee728b)
Start importing Assets/Sprites/Custom Enemy/Player/08_sp_atk/sp_atk_9.png using Guid(f87d6cce47d40504f840360d0d735549) Importer(815301076,1909f56bfc062723c751e8b465ee728b)  -> (artifact id: 'a72c05abf12952bb8bacd10c29d323e3') in 0.017793 seconds 
  Import took 0.021619 seconds .

========================================================================
Received Import Request.
  Time since last request: 0.000209 seconds.
  path: Assets/Sprites/Custom Enemy/Player/04_roll/roll_5.png
  artifactKey: Guid(0246e2a3d4795444a8d1b003fbde12f3) Importer(815301076,1909f56bfc062723c751e8b465ee728b)
Start importing Assets/Sprites/Custom Enemy/Player/04_roll/roll_5.png using Guid(0246e2a3d4795444a8d1b003fbde12f3) Importer(815301076,1909f56bfc062723c751e8b465ee728b)  -> (artifact id: 'fbdedf7dfc7041ebf3e0fe11f2991c8e') in 0.017494 seconds 
  Import took 0.020602 seconds .

========================================================================
Received Import Request.
  Time since last request: 0.000212 seconds.
  path: Assets/Sprites/CartoonViking/CartoonViking/RunPose01_01/RunPose01_07.png
  artifactKey: Guid(f66e38e0430507741a104e040f631ee4) Importer(815301076,1909f56bfc062723c751e8b465ee728b)
Start importing Assets/Sprites/CartoonViking/CartoonViking/RunPose01_01/RunPose01_07.png using Guid(f66e38e0430507741a104e040f631ee4) Importer(815301076,1909f56bfc062723c751e8b465ee728b)  -> (artifact id: 'd0efac9fd6c5342655c2b981478cbf01') in 0.016164 seconds 
  Import took 0.019279 seconds .

========================================================================
Received Import Request.
  Time since last request: 0.000231 seconds.
  path: Assets/Sprites/Custom Enemy/Player/08_sp_atk/sp_atk_3.png
  artifactKey: Guid(068013ab9ec03064aa7aa515e0b6854f) Importer(815301076,1909f56bfc062723c751e8b465ee728b)
Start importing Assets/Sprites/Custom Enemy/Player/08_sp_atk/sp_atk_3.png using Guid(068013ab9ec03064aa7aa515e0b6854f) Importer(815301076,1909f56bfc062723c751e8b465ee728b)  -> (artifact id: '5d6b702f7eaf3d45f9262515dff59534') in 0.017885 seconds 
  Import took 0.021027 seconds .

========================================================================
Received Import Request.
  Time since last request: 0.000260 seconds.
  path: Assets/Sprites/CartoonViking/CartoonViking/RunGun01/RunGun01_08.png
  artifactKey: Guid(4176b58aa67ec3c4bb928cb1f61cb691) Importer(815301076,1909f56bfc062723c751e8b465ee728b)
Start importing Assets/Sprites/CartoonViking/CartoonViking/RunGun01/RunGun01_08.png using Guid(4176b58aa67ec3c4bb928cb1f61cb691) Importer(815301076,1909f56bfc062723c751e8b465ee728b)  -> (artifact id: 'bc5f4033187af33a9189b8c19e32853a') in 0.016486 seconds 
  Import took 0.019604 seconds .

========================================================================
Received Import Request.
  Time since last request: 0.000224 seconds.
  path: Assets/Sprites/CartoonViking/CartoonViking/RunPose01_01/RunPose01_04.png
  artifactKey: Guid(6efaa2c8f789af4459a524e6676fe712) Importer(815301076,1909f56bfc062723c751e8b465ee728b)
Start importing Assets/Sprites/CartoonViking/CartoonViking/RunPose01_01/RunPose01_04.png using Guid(6efaa2c8f789af4459a524e6676fe712) Importer(815301076,1909f56bfc062723c751e8b465ee728b)  -> (artifact id: '76f9033889c87b64ce8d24ec46063ceb') in 0.016672 seconds 
  Import took 0.019921 seconds .

========================================================================
Received Import Request.
  Time since last request: 0.000218 seconds.
  path: Assets/Sprites/Custom Enemy/Player/UI/single_coin.png
  artifactKey: Guid(2b937d0248ac61e40a3335493803dbd2) Importer(815301076,1909f56bfc062723c751e8b465ee728b)
Start importing Assets/Sprites/Custom Enemy/Player/UI/single_coin.png using Guid(2b937d0248ac61e40a3335493803dbd2) Importer(815301076,1909f56bfc062723c751e8b465ee728b)  -> (artifact id: 'ab9753131500d7ed03b76070deb763c2') in 0.016835 seconds 
  Import took 0.020177 seconds .

========================================================================
Received Import Request.
  Time since last request: 0.000228 seconds.
  path: Assets/Sprites/Custom Enemy/Player/08_sp_atk/sp_atk_2.png
  artifactKey: Guid(c554d1ce9416956439afcda07b5736ff) Importer(815301076,1909f56bfc062723c751e8b465ee728b)
Start importing Assets/Sprites/Custom Enemy/Player/08_sp_atk/sp_atk_2.png using Guid(c554d1ce9416956439afcda07b5736ff) Importer(815301076,1909f56bfc062723c751e8b465ee728b)  -> (artifact id: '5442817bd8f3c7069de149c6f3effded') in 0.017163 seconds 
  Import took 0.020811 seconds .

========================================================================
Received Import Request.
  Time since last request: 0.000242 seconds.
  path: Assets/Sprites/Custom Enemy/Player/02_run/run_7.png
  artifactKey: Guid(c71dbea1d9923af4095b92a16976e0fd) Importer(815301076,1909f56bfc062723c751e8b465ee728b)
Start importing Assets/Sprites/Custom Enemy/Player/02_run/run_7.png using Guid(c71dbea1d9923af4095b92a16976e0fd) Importer(815301076,1909f56bfc062723c751e8b465ee728b)  -> (artifact id: '854f2006d0e8a6a7ede7e3c2b12f09a1') in 0.016955 seconds 
  Import took 0.020147 seconds .

========================================================================
Received Import Request.
  Time since last request: 0.000223 seconds.
  path: Assets/Sprites/Custom Enemy/Player/08_sp_atk/sp_atk_10.png
  artifactKey: Guid(d62f3bc7efe3ac54a9793360687f306b) Importer(815301076,1909f56bfc062723c751e8b465ee728b)
Start importing Assets/Sprites/Custom Enemy/Player/08_sp_atk/sp_atk_10.png using Guid(d62f3bc7efe3ac54a9793360687f306b) Importer(815301076,1909f56bfc062723c751e8b465ee728b)  -> (artifact id: '7f622a5a8014342bbef353dd58036953') in 0.017911 seconds 
  Import took 0.021884 seconds .

========================================================================
Received Import Request.
  Time since last request: 0.000251 seconds.
  path: Assets/Sprites/Custom Enemy/Player/04_roll/roll_1.png
  artifactKey: Guid(e3bf0fc980291ff4e8be70f91efce941) Importer(815301076,1909f56bfc062723c751e8b465ee728b)
Start importing Assets/Sprites/Custom Enemy/Player/04_roll/roll_1.png using Guid(e3bf0fc980291ff4e8be70f91efce941) Importer(815301076,1909f56bfc062723c751e8b465ee728b)  -> (artifact id: '77dc1dd9e0bd22e116cc543041dfd867') in 0.017343 seconds 
  Import took 0.021041 seconds .

========================================================================
Received Import Request.
  Time since last request: 0.000210 seconds.
  path: Assets/Sprites/CartoonViking/CartoonViking/Reload01/Reload01_05.png
  artifactKey: Guid(7f98442ff8da1ea4680c2bb2e84db4e5) Importer(815301076,1909f56bfc062723c751e8b465ee728b)
Start importing Assets/Sprites/CartoonViking/CartoonViking/Reload01/Reload01_05.png using Guid(7f98442ff8da1ea4680c2bb2e84db4e5) Importer(815301076,1909f56bfc062723c751e8b465ee728b)  -> (artifact id: '54c5f03f25e95253a544be0c9c361cbf') in 0.016772 seconds 
  Import took 0.020144 seconds .

========================================================================
Received Import Request.
  Time since last request: 0.000222 seconds.
  path: Assets/Sprites/Custom Enemy/Player/08_sp_atk/sp_atk_15.png
  artifactKey: Guid(82f12dfdc47498f4b9ed0aec8c7c830b) Importer(815301076,1909f56bfc062723c751e8b465ee728b)
Start importing Assets/Sprites/Custom Enemy/Player/08_sp_atk/sp_atk_15.png using Guid(82f12dfdc47498f4b9ed0aec8c7c830b) Importer(815301076,1909f56bfc062723c751e8b465ee728b)  -> (artifact id: '1d8a17d3f3d8252883db00f28848984e') in 0.017614 seconds 
  Import took 0.020736 seconds .

========================================================================
Received Import Request.
  Time since last request: 0.000197 seconds.
  path: Assets/Sprites/Custom Enemy/Player/04_roll/roll_2.png
  artifactKey: Guid(b03edf1c37a655a4e83ab0a9b2e43744) Importer(815301076,1909f56bfc062723c751e8b465ee728b)
Start importing Assets/Sprites/Custom Enemy/Player/04_roll/roll_2.png using Guid(b03edf1c37a655a4e83ab0a9b2e43744) Importer(815301076,1909f56bfc062723c751e8b465ee728b)  -> (artifact id: 'a1bcc6bb0d6a1afac10a194df3e14658') in 0.017664 seconds 
  Import took 0.020780 seconds .

========================================================================
Received Import Request.
  Time since last request: 0.000237 seconds.
  path: Assets/Sprites/Custom Enemy/Player/02_run/run_6.png
  artifactKey: Guid(3ccb307e20cc8ac49a82b2173b8f1c12) Importer(815301076,1909f56bfc062723c751e8b465ee728b)
Start importing Assets/Sprites/Custom Enemy/Player/02_run/run_6.png using Guid(3ccb307e20cc8ac49a82b2173b8f1c12) Importer(815301076,1909f56bfc062723c751e8b465ee728b)  -> (artifact id: '28ddde69541e7c6168e295bc3cfec068') in 0.016983 seconds 
  Import took 0.020300 seconds .

========================================================================
Received Import Request.
  Time since last request: 0.000244 seconds.
  path: Assets/Sprites/CartoonViking/CartoonViking/RunGun01/RunGun01_07.png
  artifactKey: Guid(fb1aa876175acc8469712fda3c7df869) Importer(815301076,1909f56bfc062723c751e8b465ee728b)
Start importing Assets/Sprites/CartoonViking/CartoonViking/RunGun01/RunGun01_07.png using Guid(fb1aa876175acc8469712fda3c7df869) Importer(815301076,1909f56bfc062723c751e8b465ee728b)  -> (artifact id: 'd8e9a2ace04200d022c6fb68327e08f5') in 0.015996 seconds 
  Import took 0.019743 seconds .

========================================================================
Received Import Request.
  Time since last request: 0.000212 seconds.
  path: Assets/Sprites/CartoonViking/CartoonViking/RunGun01/RunGun01_05.png
  artifactKey: Guid(37fe1e3fe4f9d934b854cbba4405250d) Importer(815301076,1909f56bfc062723c751e8b465ee728b)
Start importing Assets/Sprites/CartoonViking/CartoonViking/RunGun01/RunGun01_05.png using Guid(37fe1e3fe4f9d934b854cbba4405250d) Importer(815301076,1909f56bfc062723c751e8b465ee728b)  -> (artifact id: 'd494a453067099d842f8c5e5b0273e76') in 0.016140 seconds 
  Import took 0.019425 seconds .

========================================================================
Received Import Request.
  Time since last request: 0.000212 seconds.
  path: Assets/Sprites/CartoonViking/CartoonViking/RunPose01_01/RunPose01_03.png
  artifactKey: Guid(3ea9c69cff0622c4992267261e597a90) Importer(815301076,1909f56bfc062723c751e8b465ee728b)
Start importing Assets/Sprites/CartoonViking/CartoonViking/RunPose01_01/RunPose01_03.png using Guid(3ea9c69cff0622c4992267261e597a90) Importer(815301076,1909f56bfc062723c751e8b465ee728b)  -> (artifact id: '1938a246bbc8890687fa12bcda825318') in 0.015963 seconds 
  Import took 0.019429 seconds .

========================================================================
Received Import Request.
  Time since last request: 0.000217 seconds.
  path: Assets/Sprites/Custom Enemy/Player/08_sp_atk/sp_atk_4.png
  artifactKey: Guid(5004d295d8428c8419197d47735fe616) Importer(815301076,1909f56bfc062723c751e8b465ee728b)
Start importing Assets/Sprites/Custom Enemy/Player/08_sp_atk/sp_atk_4.png using Guid(5004d295d8428c8419197d47735fe616) Importer(815301076,1909f56bfc062723c751e8b465ee728b)  -> (artifact id: '3a8400fcdd0689755dcbd647fb2c2d89') in 0.016547 seconds 
  Import took 0.019948 seconds .

========================================================================
Received Import Request.
  Time since last request: 0.000237 seconds.
  path: Assets/Sprites/CartoonViking/CartoonViking/RunPose02/RunPose02_05.png
  artifactKey: Guid(8e48fa6c08831644bbfff576131139b6) Importer(815301076,1909f56bfc062723c751e8b465ee728b)
Start importing Assets/Sprites/CartoonViking/CartoonViking/RunPose02/RunPose02_05.png using Guid(8e48fa6c08831644bbfff576131139b6) Importer(815301076,1909f56bfc062723c751e8b465ee728b)  -> (artifact id: '14e7ef2d39920ed8d4256ab601ea0663') in 0.017225 seconds 
  Import took 0.020468 seconds .

========================================================================
Received Import Request.
  Time since last request: 0.000209 seconds.
  path: Assets/Sprites/CartoonViking/CartoonViking/RunPose02/RunPose02_01.png
  artifactKey: Guid(5ddc65504075a0b40a276b8855c60b80) Importer(815301076,1909f56bfc062723c751e8b465ee728b)
Start importing Assets/Sprites/CartoonViking/CartoonViking/RunPose02/RunPose02_01.png using Guid(5ddc65504075a0b40a276b8855c60b80) Importer(815301076,1909f56bfc062723c751e8b465ee728b)  -> (artifact id: '88ed6bb93a657b4d7e4725dae9bd5361') in 0.016934 seconds 
  Import took 0.020356 seconds .

========================================================================
Received Import Request.
  Time since last request: 0.000218 seconds.
  path: Assets/Sprites/Custom Enemy/Player/04_roll/roll_4.png
  artifactKey: Guid(f6e811c69a8cc164dbb1073d07e62f2c) Importer(815301076,1909f56bfc062723c751e8b465ee728b)
Start importing Assets/Sprites/Custom Enemy/Player/04_roll/roll_4.png using Guid(f6e811c69a8cc164dbb1073d07e62f2c) Importer(815301076,1909f56bfc062723c751e8b465ee728b)  -> (artifact id: '4c5d059a9523a78582f382524c9bdaf2') in 0.018104 seconds 
  Import took 0.021599 seconds .

========================================================================
Received Import Request.
  Time since last request: 0.000180 seconds.
  path: Assets/Sprites/Custom Enemy/Player/10_take_hit/take_hit_6.png
  artifactKey: Guid(9a11acf8ecf173a4da887297cf73e6bb) Importer(815301076,1909f56bfc062723c751e8b465ee728b)
Start importing Assets/Sprites/Custom Enemy/Player/10_take_hit/take_hit_6.png using Guid(9a11acf8ecf173a4da887297cf73e6bb) Importer(815301076,1909f56bfc062723c751e8b465ee728b)  -> (artifact id: '48bb23020f3fecbe6a48ba5fb167ba39') in 0.016911 seconds 
  Import took 0.020487 seconds .

========================================================================
Received Import Request.
  Time since last request: 0.000227 seconds.
  path: Assets/Sprites/Custom Enemy/Player/02_run/run_8.png
  artifactKey: Guid(f12e2c0dc3929144ca11d585e7d225f2) Importer(815301076,1909f56bfc062723c751e8b465ee728b)
Start importing Assets/Sprites/Custom Enemy/Player/02_run/run_8.png using Guid(f12e2c0dc3929144ca11d585e7d225f2) Importer(815301076,1909f56bfc062723c751e8b465ee728b)  -> (artifact id: 'decb7eef9dfe20a4e0ff4863ec706a36') in 0.016607 seconds 
  Import took 0.020439 seconds .

========================================================================
Received Import Request.
  Time since last request: 0.000242 seconds.
  path: Assets/Sprites/Custom Enemy/Player/10_take_hit/take_hit_1.png
  artifactKey: Guid(124005d3711d5a54294648ca48989f12) Importer(815301076,1909f56bfc062723c751e8b465ee728b)
Start importing Assets/Sprites/Custom Enemy/Player/10_take_hit/take_hit_1.png using Guid(124005d3711d5a54294648ca48989f12) Importer(815301076,1909f56bfc062723c751e8b465ee728b)  -> (artifact id: 'fea10d5cd3227d295a5b404eee82642d') in 0.016793 seconds 
  Import took 0.019985 seconds .

========================================================================
Received Import Request.
  Time since last request: 0.000255 seconds.
  path: Assets/Sprites/Custom Enemy/Player/08_sp_atk/sp_atk_11.png
  artifactKey: Guid(79789b9a1312c5946af1a0b060cbfd77) Importer(815301076,1909f56bfc062723c751e8b465ee728b)
Start importing Assets/Sprites/Custom Enemy/Player/08_sp_atk/sp_atk_11.png using Guid(79789b9a1312c5946af1a0b060cbfd77) Importer(815301076,1909f56bfc062723c751e8b465ee728b)  -> (artifact id: 'd41fc77a1f80e1252570f54eaa701012') in 0.017208 seconds 
  Import took 0.020411 seconds .

========================================================================
Received Import Request.
  Time since last request: 0.000217 seconds.
  path: Assets/Sprites/Custom Enemy/Player/08_sp_atk/sp_atk_13.png
  artifactKey: Guid(57f8cbad0a684444085b724df357d608) Importer(815301076,1909f56bfc062723c751e8b465ee728b)
Start importing Assets/Sprites/Custom Enemy/Player/08_sp_atk/sp_atk_13.png using Guid(57f8cbad0a684444085b724df357d608) Importer(815301076,1909f56bfc062723c751e8b465ee728b)  -> (artifact id: 'ca0283f84600916e9774a847331f48d6') in 0.018971 seconds 
  Import took 0.022539 seconds .

========================================================================
Received Import Request.
  Time since last request: 0.000219 seconds.
  path: Assets/Sprites/Custom Enemy/Player/08_sp_atk/sp_atk_8.png
  artifactKey: Guid(bc7fe695fa442584484ccd827051f7f4) Importer(815301076,1909f56bfc062723c751e8b465ee728b)
Start importing Assets/Sprites/Custom Enemy/Player/08_sp_atk/sp_atk_8.png using Guid(bc7fe695fa442584484ccd827051f7f4) Importer(815301076,1909f56bfc062723c751e8b465ee728b)  -> (artifact id: 'f696815af023e315d0f109bfc3126497') in 0.034601 seconds 
  Import took 0.038025 seconds .

========================================================================
Received Import Request.
  Time since last request: 0.000249 seconds.
  path: Assets/Sprites/CartoonViking/CartoonViking/RunGun01/RunGun01_01.png
  artifactKey: Guid(8e32cb077564cd945b8dbe8261274e4c) Importer(815301076,1909f56bfc062723c751e8b465ee728b)
Start importing Assets/Sprites/CartoonViking/CartoonViking/RunGun01/RunGun01_01.png using Guid(8e32cb077564cd945b8dbe8261274e4c) Importer(815301076,1909f56bfc062723c751e8b465ee728b)  -> (artifact id: 'a4c5769d71cdecf21211e75a5876d666') in 0.016065 seconds 
  Import took 0.019900 seconds .

========================================================================
Received Import Request.
  Time since last request: 0.000352 seconds.
  path: Assets/Sprites/Custom Enemy/Player/04_roll/roll_8.png
  artifactKey: Guid(a71a52f099d614144af74ffa7f350979) Importer(815301076,1909f56bfc062723c751e8b465ee728b)
Start importing Assets/Sprites/Custom Enemy/Player/04_roll/roll_8.png using Guid(a71a52f099d614144af74ffa7f350979) Importer(815301076,1909f56bfc062723c751e8b465ee728b)  -> (artifact id: 'a36b3907b4c5ada7e7ba9fe22a83b6e6') in 0.017735 seconds 
  Import took 0.021309 seconds .

========================================================================
Received Import Request.
  Time since last request: 0.000262 seconds.
  path: Assets/Sprites/CartoonViking/CartoonViking/RunGun01/RunGun01_02.png
  artifactKey: Guid(a28a0caa5d4af8845ab8a23631d8c17e) Importer(815301076,1909f56bfc062723c751e8b465ee728b)
Start importing Assets/Sprites/CartoonViking/CartoonViking/RunGun01/RunGun01_02.png using Guid(a28a0caa5d4af8845ab8a23631d8c17e) Importer(815301076,1909f56bfc062723c751e8b465ee728b)  -> (artifact id: 'b394f42380959ebc56010b1bb27195e8') in 0.015476 seconds 
  Import took 0.019334 seconds .

========================================================================
Received Import Request.
  Time since last request: 0.000218 seconds.
  path: Assets/Sprites/CartoonViking/CartoonViking/RunGun01/RunGun01_03.png
  artifactKey: Guid(0183419c550cf0347a10b264b6a25cab) Importer(815301076,1909f56bfc062723c751e8b465ee728b)
Start importing Assets/Sprites/CartoonViking/CartoonViking/RunGun01/RunGun01_03.png using Guid(0183419c550cf0347a10b264b6a25cab) Importer(815301076,1909f56bfc062723c751e8b465ee728b)  -> (artifact id: '5356478fbd7f74b5c31a0692a853a7b5') in 0.015759 seconds 
  Import took 0.019124 seconds .

========================================================================
Received Import Request.
  Time since last request: 0.000224 seconds.
  path: Assets/Sprites/CartoonViking/CartoonViking/RunPose01_01/RunPose01_05.png
  artifactKey: Guid(08f078269f30ccb4c8ebb5353ef0a3c3) Importer(815301076,1909f56bfc062723c751e8b465ee728b)
Start importing Assets/Sprites/CartoonViking/CartoonViking/RunPose01_01/RunPose01_05.png using Guid(08f078269f30ccb4c8ebb5353ef0a3c3) Importer(815301076,1909f56bfc062723c751e8b465ee728b)  -> (artifact id: 'b5270aed97c8c7fc40e096115ff8fb84') in 0.016211 seconds 
  Import took 0.019223 seconds .

========================================================================
Received Import Request.
  Time since last request: 0.000261 seconds.
  path: Assets/Sprites/Custom Enemy/Player/04_roll/roll_3.png
  artifactKey: Guid(0e8c7ee3226d9b2489a28ad8abc8cc08) Importer(815301076,1909f56bfc062723c751e8b465ee728b)
Start importing Assets/Sprites/Custom Enemy/Player/04_roll/roll_3.png using Guid(0e8c7ee3226d9b2489a28ad8abc8cc08) Importer(815301076,1909f56bfc062723c751e8b465ee728b)  -> (artifact id: 'c63af37c1e6f7c11d34f944b04a85da7') in 0.017394 seconds 
  Import took 0.020842 seconds .

========================================================================
Received Import Request.
  Time since last request: 0.000181 seconds.
  path: Assets/Sprites/Custom Enemy/Player/10_take_hit/take_hit_2.png
  artifactKey: Guid(dad989ce918b85c4b80a348fb19f0df7) Importer(815301076,1909f56bfc062723c751e8b465ee728b)
Start importing Assets/Sprites/Custom Enemy/Player/10_take_hit/take_hit_2.png using Guid(dad989ce918b85c4b80a348fb19f0df7) Importer(815301076,1909f56bfc062723c751e8b465ee728b)  -> (artifact id: 'c662e33af141083760f31b5983ad0eb0') in 0.017947 seconds 
  Import took 0.020927 seconds .

========================================================================
Received Import Request.
  Time since last request: 0.000215 seconds.
  path: Assets/Sprites/Custom Enemy/Player/02_run/run_2.png
  artifactKey: Guid(1e84cb951afe6a549b1886a247110629) Importer(815301076,1909f56bfc062723c751e8b465ee728b)
Start importing Assets/Sprites/Custom Enemy/Player/02_run/run_2.png using Guid(1e84cb951afe6a549b1886a247110629) Importer(815301076,1909f56bfc062723c751e8b465ee728b)  -> (artifact id: '0d8f812d93f1665d0e2a67349d1f5423') in 0.017700 seconds 
  Import took 0.020578 seconds .

========================================================================
Received Import Request.
  Time since last request: 0.000213 seconds.
  path: Assets/Sprites/CartoonViking/CartoonViking/Render/RunPose02R.gif
  artifactKey: Guid(d9659a204bdbc2f4daf93b7716158ce3) Importer(815301076,1909f56bfc062723c751e8b465ee728b)
Start importing Assets/Sprites/CartoonViking/CartoonViking/Render/RunPose02R.gif using Guid(d9659a204bdbc2f4daf93b7716158ce3) Importer(815301076,1909f56bfc062723c751e8b465ee728b)  -> (artifact id: '3ec2ef9699f393805cc8e1e7fe1809da') in 0.022047 seconds 
  Import took 0.025261 seconds .

========================================================================
Received Import Request.
  Time since last request: 0.000257 seconds.
  path: Assets/Sprites/Custom Enemy/Player/08_sp_atk/sp_atk_17.png
  artifactKey: Guid(0b42819e520e5c145a8479f3759e11e9) Importer(815301076,1909f56bfc062723c751e8b465ee728b)
Start importing Assets/Sprites/Custom Enemy/Player/08_sp_atk/sp_atk_17.png using Guid(0b42819e520e5c145a8479f3759e11e9) Importer(815301076,1909f56bfc062723c751e8b465ee728b)  -> (artifact id: '3fb47e40390ff728bb8cbc8076be0548') in 0.017939 seconds 
  Import took 0.021079 seconds .

========================================================================
Received Import Request.
  Time since last request: 0.000209 seconds.
  path: Assets/Sprites/Custom Enemy/Player/08_sp_atk/sp_atk_5.png
  artifactKey: Guid(4884f9bbabc49884babb2669cf0b14d4) Importer(815301076,1909f56bfc062723c751e8b465ee728b)
Start importing Assets/Sprites/Custom Enemy/Player/08_sp_atk/sp_atk_5.png using Guid(4884f9bbabc49884babb2669cf0b14d4) Importer(815301076,1909f56bfc062723c751e8b465ee728b)  -> (artifact id: 'a578cda848d0df35c08b982a49236315') in 0.018607 seconds 
  Import took 0.021722 seconds .

========================================================================
Received Import Request.
  Time since last request: 0.000235 seconds.
  path: Assets/Sprites/CartoonViking/CartoonViking/RunPose02/RunPose02_06.png
  artifactKey: Guid(f2233261cc6abd14b82e0776cbc1e31f) Importer(815301076,1909f56bfc062723c751e8b465ee728b)
Start importing Assets/Sprites/CartoonViking/CartoonViking/RunPose02/RunPose02_06.png using Guid(f2233261cc6abd14b82e0776cbc1e31f) Importer(815301076,1909f56bfc062723c751e8b465ee728b)  -> (artifact id: '96f34feeb738a0dca9b5dcd9a654f4af') in 0.015609 seconds 
  Import took 0.018849 seconds .

========================================================================
Received Import Request.
  Time since last request: 0.000225 seconds.
  path: Assets/Sprites/Custom Enemy/Player/10_take_hit/take_hit_4.png
  artifactKey: Guid(cd1724d5abc3d1048ab1b1caa80abb8e) Importer(815301076,1909f56bfc062723c751e8b465ee728b)
Start importing Assets/Sprites/Custom Enemy/Player/10_take_hit/take_hit_4.png using Guid(cd1724d5abc3d1048ab1b1caa80abb8e) Importer(815301076,1909f56bfc062723c751e8b465ee728b)  -> (artifact id: '3729bf0df842d562b320bfbb5c4fc6ee') in 0.016909 seconds 
  Import took 0.020744 seconds .

========================================================================
Received Import Request.
  Time since last request: 0.000230 seconds.
  path: Assets/Sprites/Weapon/Shotgun.png
  artifactKey: Guid(341fbd158b06ba946837194078de5e30) Importer(815301076,1909f56bfc062723c751e8b465ee728b)
Start importing Assets/Sprites/Weapon/Shotgun.png using Guid(341fbd158b06ba946837194078de5e30) Importer(815301076,1909f56bfc062723c751e8b465ee728b)  -> (artifact id: 'e37976a14d17f7c4729bc110f0ead87e') in 0.022460 seconds 
  Import took 0.025407 seconds .

========================================================================
Received Import Request.
  Time since last request: 0.000235 seconds.
  path: Assets/Sprites/Custom Enemy/Player/08_sp_atk/sp_atk_18.png
  artifactKey: Guid(66b99f2a83e3a9347aed50c8d66e6e90) Importer(815301076,1909f56bfc062723c751e8b465ee728b)
Start importing Assets/Sprites/Custom Enemy/Player/08_sp_atk/sp_atk_18.png using Guid(66b99f2a83e3a9347aed50c8d66e6e90) Importer(815301076,1909f56bfc062723c751e8b465ee728b)  -> (artifact id: '18705b7e2027888ea24703b209cb7774') in 0.017803 seconds 
  Import took 0.021057 seconds .

========================================================================
Received Import Request.
  Time since last request: 0.000222 seconds.
  path: Assets/Sprites/Custom Enemy/Player/10_take_hit/take_hit_5.png
  artifactKey: Guid(9d852eff649ee974b9db16647e72a5f4) Importer(815301076,1909f56bfc062723c751e8b465ee728b)
Start importing Assets/Sprites/Custom Enemy/Player/10_take_hit/take_hit_5.png using Guid(9d852eff649ee974b9db16647e72a5f4) Importer(815301076,1909f56bfc062723c751e8b465ee728b)  -> (artifact id: '2ba983c61fdcfb7c2d41d1991b708601') in 0.016961 seconds 
  Import took 0.020116 seconds .

========================================================================
Received Import Request.
  Time since last request: 0.000224 seconds.
  path: Assets/Sprites/CartoonViking/CartoonViking/Reload01/Reload01_06.png
  artifactKey: Guid(c71c818323c075046a64cb1c241ab45c) Importer(815301076,1909f56bfc062723c751e8b465ee728b)
Start importing Assets/Sprites/CartoonViking/CartoonViking/Reload01/Reload01_06.png using Guid(c71c818323c075046a64cb1c241ab45c) Importer(815301076,1909f56bfc062723c751e8b465ee728b)  -> (artifact id: '566725d77794edd8d5cb36e2d6a0c7a6') in 0.016351 seconds 
  Import took 0.019971 seconds .

========================================================================
Received Import Request.
  Time since last request: 0.000226 seconds.
  path: Assets/Sprites/Custom Enemy/Player/04_roll/roll_7.png
  artifactKey: Guid(281c4cf6dd218b14aa8ab253e7bcee93) Importer(815301076,1909f56bfc062723c751e8b465ee728b)
Start importing Assets/Sprites/Custom Enemy/Player/04_roll/roll_7.png using Guid(281c4cf6dd218b14aa8ab253e7bcee93) Importer(815301076,1909f56bfc062723c751e8b465ee728b)  -> (artifact id: '4e1fc6dc110014dceb63bd9292793b2c') in 0.016562 seconds 
  Import took 0.020591 seconds .

========================================================================
Received Import Request.
  Time since last request: 0.000212 seconds.
  path: Assets/Sprites/Custom Enemy/Player/08_sp_atk/sp_atk_1.png
  artifactKey: Guid(cc39ac8b8488de44ab39049a879d86e0) Importer(815301076,1909f56bfc062723c751e8b465ee728b)
Start importing Assets/Sprites/Custom Enemy/Player/08_sp_atk/sp_atk_1.png using Guid(cc39ac8b8488de44ab39049a879d86e0) Importer(815301076,1909f56bfc062723c751e8b465ee728b)  -> (artifact id: '9ed186e4405aaa1ab0f92ccd00ff33f8') in 0.016653 seconds 
  Import took 0.019750 seconds .

========================================================================
Received Import Request.
  Time since last request: 0.000213 seconds.
  path: Assets/Sprites/Custom Enemy/Player/08_sp_atk/sp_atk_6.png
  artifactKey: Guid(0933d740f56f1994dab4ea1efb71ad63) Importer(815301076,1909f56bfc062723c751e8b465ee728b)
Start importing Assets/Sprites/Custom Enemy/Player/08_sp_atk/sp_atk_6.png using Guid(0933d740f56f1994dab4ea1efb71ad63) Importer(815301076,1909f56bfc062723c751e8b465ee728b)  -> (artifact id: 'bd7d722e5d4e519ff3b968b72448d965') in 0.017723 seconds 
  Import took 0.021146 seconds .

========================================================================
Received Import Request.
  Time since last request: 0.000198 seconds.
  path: Assets/Sprites/CartoonViking/CartoonViking/RunGun01/RunGun01_06.png
  artifactKey: Guid(e55383fa1d705f64783ed2152ac4993d) Importer(815301076,1909f56bfc062723c751e8b465ee728b)
Start importing Assets/Sprites/CartoonViking/CartoonViking/RunGun01/RunGun01_06.png using Guid(e55383fa1d705f64783ed2152ac4993d) Importer(815301076,1909f56bfc062723c751e8b465ee728b)  -> (artifact id: '0cc0df7737b5eb2005e500e361e167e0') in 0.015996 seconds 
  Import took 0.019349 seconds .

========================================================================
Received Import Request.
  Time since last request: 0.000221 seconds.
  path: Assets/Sprites/Custom Enemy/Player/02_run/run_3.png
  artifactKey: Guid(8d946a7a731b36a448e0156ff529a6cc) Importer(815301076,1909f56bfc062723c751e8b465ee728b)
Start importing Assets/Sprites/Custom Enemy/Player/02_run/run_3.png using Guid(8d946a7a731b36a448e0156ff529a6cc) Importer(815301076,1909f56bfc062723c751e8b465ee728b)  -> (artifact id: '182f80cdbb97996d0bbded3f8bd255d5') in 0.017293 seconds 
  Import took 0.020651 seconds .

========================================================================
Received Import Request.
  Time since last request: 0.000242 seconds.
  path: Assets/Sprites/CartoonViking/CartoonViking/Reload01/Reload01_04.png
  artifactKey: Guid(aa8fbdf3e2c322540be6a48601a8be45) Importer(815301076,1909f56bfc062723c751e8b465ee728b)
Start importing Assets/Sprites/CartoonViking/CartoonViking/Reload01/Reload01_04.png using Guid(aa8fbdf3e2c322540be6a48601a8be45) Importer(815301076,1909f56bfc062723c751e8b465ee728b)  -> (artifact id: 'bc8ed3fd56f217c90f2d113e605e3e9a') in 0.015538 seconds 
  Import took 0.018669 seconds .

========================================================================
Received Import Request.
  Time since last request: 0.000212 seconds.
  path: Assets/Sprites/Custom Enemy/Player/02_run/run_5.png
  artifactKey: Guid(17fcf0ed9f764bd4aab4830fed8c5154) Importer(815301076,1909f56bfc062723c751e8b465ee728b)
Start importing Assets/Sprites/Custom Enemy/Player/02_run/run_5.png using Guid(17fcf0ed9f764bd4aab4830fed8c5154) Importer(815301076,1909f56bfc062723c751e8b465ee728b)  -> (artifact id: 'cc6546e69ec415468668ebdd72c58533') in 0.018357 seconds 
  Import took 0.022077 seconds .

========================================================================
Received Import Request.
  Time since last request: 0.000247 seconds.
  path: Assets/Sprites/CartoonViking/CartoonViking/RunPose02/RunPose02_02.png
  artifactKey: Guid(1adf3d83e223b75489167cc165598fb8) Importer(815301076,1909f56bfc062723c751e8b465ee728b)
Start importing Assets/Sprites/CartoonViking/CartoonViking/RunPose02/RunPose02_02.png using Guid(1adf3d83e223b75489167cc165598fb8) Importer(815301076,1909f56bfc062723c751e8b465ee728b)  -> (artifact id: '480513af18b9f46859da86fc68fb3636') in 0.016559 seconds 
  Import took 0.019829 seconds .

========================================================================
Received Import Request.
  Time since last request: 0.000226 seconds.
  path: Assets/Sprites/Custom Enemy/Player/02_run/run_1.png
  artifactKey: Guid(4fa5bcde93b94c1488b5da13ff7bc0ff) Importer(815301076,1909f56bfc062723c751e8b465ee728b)
Start importing Assets/Sprites/Custom Enemy/Player/02_run/run_1.png using Guid(4fa5bcde93b94c1488b5da13ff7bc0ff) Importer(815301076,1909f56bfc062723c751e8b465ee728b)  -> (artifact id: '4271ab45351c2c8286216b4fdac90ac1') in 0.017457 seconds 
  Import took 0.021476 seconds .

========================================================================
Received Import Request.
  Time since last request: 0.000221 seconds.
  path: Assets/Sprites/CartoonViking/CartoonViking/RunPose01_01/RunPose01_08.png
  artifactKey: Guid(0e0c65965fc9720499423c0fc0d6d6c6) Importer(815301076,1909f56bfc062723c751e8b465ee728b)
Start importing Assets/Sprites/CartoonViking/CartoonViking/RunPose01_01/RunPose01_08.png using Guid(0e0c65965fc9720499423c0fc0d6d6c6) Importer(815301076,1909f56bfc062723c751e8b465ee728b)  -> (artifact id: 'b528a6340c65246a57641c914532f379') in 0.016550 seconds 
  Import took 0.019601 seconds .

========================================================================
Received Import Request.
  Time since last request: 0.000227 seconds.
  path: Assets/Sprites/Custom Enemy/Player/08_sp_atk/sp_atk_12.png
  artifactKey: Guid(9fb84e3615404a14f8ca03374e655d4b) Importer(815301076,1909f56bfc062723c751e8b465ee728b)
Start importing Assets/Sprites/Custom Enemy/Player/08_sp_atk/sp_atk_12.png using Guid(9fb84e3615404a14f8ca03374e655d4b) Importer(815301076,1909f56bfc062723c751e8b465ee728b)  -> (artifact id: 'f83e703834ade676ff2951d38bafcdbe') in 0.017599 seconds 
  Import took 0.021143 seconds .

========================================================================
Received Import Request.
  Time since last request: 0.000234 seconds.
  path: Assets/Sprites/Custom Enemy/Player/08_sp_atk/sp_atk_16.png
  artifactKey: Guid(bda037dfc74d5134c9ed7c9e2ad3a379) Importer(815301076,1909f56bfc062723c751e8b465ee728b)
Start importing Assets/Sprites/Custom Enemy/Player/08_sp_atk/sp_atk_16.png using Guid(bda037dfc74d5134c9ed7c9e2ad3a379) Importer(815301076,1909f56bfc062723c751e8b465ee728b)  -> (artifact id: 'e2e6c55aad9393fd3ac25103aa670ea2') in 0.017637 seconds 
  Import took 0.020724 seconds .

AssetImportWorkerClient::OnTransportError - code=2 error=End of file
